2023-02-24 08:54:37.197 [info] Added views:workbench.panel.markers.view in workbench.panel.markers
2023-02-24 08:54:37.197 [info] Added views:workbench.panel.output in workbench.panel.output
2023-02-24 08:54:37.197 [info] Added views:terminal in terminal
2023-02-24 08:54:37.197 [info] Added views:outline in workbench.view.explorer
2023-02-24 08:54:37.197 [info] Added views:workbench.scm in workbench.view.scm
2023-02-24 08:54:37.197 [info] Added views:workbench.view.search in workbench.view.search
2023-02-24 08:54:37.197 [info] Added views:timeline in workbench.view.explorer
2023-02-24 08:54:37.198 [info] Added views:workbench.explorer.fileView in workbench.view.explorer
2023-02-24 08:54:37.847 [info] Added views:gitlens.views.home,gitlens.views.contributors in workbench.view.extension.gitlens
2023-02-24 08:54:37.849 [info] Added views:gitlens.views.commits,gitlens.views.commitDetails,gitlens.views.fileHistory,gitlens.views.branches,gitlens.views.remotes,gitlens.views.stashes,gitlens.views.tags,gitlens.views.searchAndCompare in workbench.view.scm
2023-02-24 08:54:37.850 [info] Added views:pr:github,issues:github in workbench.view.extension.github-pull-requests
2023-02-24 08:54:38.015 [info] Added views:workbench.debug.welcome in workbench.view.debug
2023-02-24 08:54:38.683 [info] Added views:workbench.panel.repl.view in workbench.panel.repl
2023-02-24 08:54:39.229 [info] Added views:workbench.panel.comments in workbench.panel.comments
2023-02-24 08:54:40.782 [info] Removed views:gitlens.views.searchAndCompare,gitlens.views.tags,gitlens.views.stashes,gitlens.views.remotes,gitlens.views.branches,gitlens.views.fileHistory,gitlens.views.commitDetails,gitlens.views.commits from workbench.view.scm
2023-02-24 08:54:40.783 [info] Removed views:gitlens.views.contributors from workbench.view.extension.gitlens
2023-02-24 08:55:02.012 [info] Added views:tabnine-home in workbench.view.extension.tabnine-access
2023-02-24 08:55:02.022 [info] Added views:tabnine-notifications in workbench.view.extension.tabnine-access
2023-02-24 08:55:02.024 [info] Added views:tabnine-today in workbench.view.extension.tabnine-access
2023-02-24 09:27:40.074 [info] Added views:workbench.view.testing in workbench.view.extension.test
