2023-02-24 09:29:09.904 [info] Log level: Info
2023-02-24 09:29:09.904 [info] Validating found git in: "git"
2023-02-24 09:29:09.904 [info] Using git "2.39.2" from "git"
2023-02-24 09:29:09.904 [info] > git rev-parse --show-toplevel [17ms]
2023-02-24 09:29:09.904 [info] fatal: not a git repository (or any parent up to mount point /)
Stopping at filesystem boundary (GIT_DISCOVERY_ACROSS_FILESYSTEM not set).
2023-02-24 09:29:09.904 [info] > git rev-parse --show-toplevel [93ms]
2023-02-24 09:29:09.904 [info] fatal: not a git repository (or any parent up to mount point /)
Stopping at filesystem boundary (GIT_DISCOVERY_ACROSS_FILESYSTEM not set).
2023-02-24 09:29:09.904 [info] > git rev-parse --show-toplevel [100ms]
2023-02-24 09:29:09.904 [info] fatal: not a git repository (or any parent up to mount point /)
Stopping at filesystem boundary (GIT_DISCOVERY_ACROSS_FILESYSTEM not set).
2023-02-24 09:29:09.908 [info] > git rev-parse --show-toplevel [36ms]
2023-02-24 09:29:09.908 [info] fatal: not a git repository (or any parent up to mount point /)
Stopping at filesystem boundary (GIT_DISCOVERY_ACROSS_FILESYSTEM not set).
2023-02-24 09:29:09.929 [info] > git rev-parse --show-toplevel [10ms]
2023-02-24 09:29:09.929 [info] fatal: not a git repository (or any parent up to mount point /)
Stopping at filesystem boundary (GIT_DISCOVERY_ACROSS_FILESYSTEM not set).
2023-02-24 09:29:09.941 [info] > git rev-parse --show-toplevel [3ms]
2023-02-24 09:29:09.941 [info] fatal: not a git repository (or any parent up to mount point /)
Stopping at filesystem boundary (GIT_DISCOVERY_ACROSS_FILESYSTEM not set).
2023-02-24 09:29:10.208 [info] > git rev-parse --show-toplevel [257ms]
2023-02-24 09:29:10.208 [info] fatal: not a git repository (or any parent up to mount point /)
Stopping at filesystem boundary (GIT_DISCOVERY_ACROSS_FILESYSTEM not set).
2023-02-24 09:29:10.374 [info] > git rev-parse --show-toplevel [154ms]
2023-02-24 09:29:10.374 [info] fatal: not a git repository (or any parent up to mount point /)
Stopping at filesystem boundary (GIT_DISCOVERY_ACROSS_FILESYSTEM not set).
2023-02-24 09:29:10.457 [info] > git rev-parse --show-toplevel [74ms]
2023-02-24 09:29:10.457 [info] fatal: not a git repository (or any parent up to mount point /)
Stopping at filesystem boundary (GIT_DISCOVERY_ACROSS_FILESYSTEM not set).
2023-02-24 09:29:10.503 [info] > git rev-parse --show-toplevel [36ms]
2023-02-24 09:29:10.503 [info] fatal: not a git repository (or any parent up to mount point /)
Stopping at filesystem boundary (GIT_DISCOVERY_ACROSS_FILESYSTEM not set).
2023-02-24 09:29:10.565 [info] > git rev-parse --show-toplevel [53ms]
2023-02-24 09:29:10.565 [info] fatal: not a git repository (or any parent up to mount point /)
Stopping at filesystem boundary (GIT_DISCOVERY_ACROSS_FILESYSTEM not set).
2023-02-24 09:29:10.578 [info] > git rev-parse --show-toplevel [4ms]
2023-02-24 09:29:10.578 [info] fatal: not a git repository (or any parent up to mount point /)
Stopping at filesystem boundary (GIT_DISCOVERY_ACROSS_FILESYSTEM not set).
2023-02-24 09:29:10.590 [info] > git rev-parse --show-toplevel [3ms]
2023-02-24 09:29:10.590 [info] fatal: not a git repository (or any parent up to mount point /)
Stopping at filesystem boundary (GIT_DISCOVERY_ACROSS_FILESYSTEM not set).
2023-02-24 09:29:10.601 [info] > git rev-parse --show-toplevel [2ms]
2023-02-24 09:29:10.602 [info] fatal: not a git repository (or any parent up to mount point /)
Stopping at filesystem boundary (GIT_DISCOVERY_ACROSS_FILESYSTEM not set).
2023-02-24 09:29:10.614 [info] > git rev-parse --show-toplevel [1ms]
2023-02-24 09:29:10.614 [info] fatal: not a git repository (or any parent up to mount point /)
Stopping at filesystem boundary (GIT_DISCOVERY_ACROSS_FILESYSTEM not set).
2023-02-24 09:29:10.674 [info] > git rev-parse --show-toplevel [49ms]
2023-02-24 09:29:10.674 [info] fatal: not a git repository (or any parent up to mount point /)
Stopping at filesystem boundary (GIT_DISCOVERY_ACROSS_FILESYSTEM not set).
2023-02-24 09:29:10.689 [info] > git rev-parse --show-toplevel [4ms]
2023-02-24 09:29:10.689 [info] fatal: not a git repository (or any parent up to mount point /)
Stopping at filesystem boundary (GIT_DISCOVERY_ACROSS_FILESYSTEM not set).
2023-02-24 09:29:10.703 [info] > git rev-parse --show-toplevel [4ms]
2023-02-24 09:29:10.703 [info] fatal: not a git repository (or any parent up to mount point /)
Stopping at filesystem boundary (GIT_DISCOVERY_ACROSS_FILESYSTEM not set).
2023-02-24 09:29:10.714 [info] > git rev-parse --show-toplevel [1ms]
2023-02-24 09:29:10.714 [info] fatal: not a git repository (or any parent up to mount point /)
Stopping at filesystem boundary (GIT_DISCOVERY_ACROSS_FILESYSTEM not set).
2023-02-24 09:29:10.766 [info] > git rev-parse --show-toplevel [43ms]
2023-02-24 09:29:10.766 [info] fatal: not a git repository (or any parent up to mount point /)
Stopping at filesystem boundary (GIT_DISCOVERY_ACROSS_FILESYSTEM not set).
2023-02-24 09:29:10.854 [info] > git rev-parse --show-toplevel [78ms]
2023-02-24 09:29:10.854 [info] fatal: not a git repository (or any parent up to mount point /)
Stopping at filesystem boundary (GIT_DISCOVERY_ACROSS_FILESYSTEM not set).
2023-02-24 09:29:10.864 [info] > git rev-parse --show-toplevel [2ms]
2023-02-24 09:29:10.864 [info] fatal: not a git repository (or any parent up to mount point /)
Stopping at filesystem boundary (GIT_DISCOVERY_ACROSS_FILESYSTEM not set).
2023-02-24 09:29:10.875 [info] > git rev-parse --show-toplevel [3ms]
2023-02-24 09:29:10.875 [info] fatal: not a git repository (or any parent up to mount point /)
Stopping at filesystem boundary (GIT_DISCOVERY_ACROSS_FILESYSTEM not set).
2023-02-24 09:29:10.885 [info] > git rev-parse --show-toplevel [2ms]
2023-02-24 09:29:10.885 [info] fatal: not a git repository (or any parent up to mount point /)
Stopping at filesystem boundary (GIT_DISCOVERY_ACROSS_FILESYSTEM not set).
2023-02-24 09:29:10.895 [info] > git rev-parse --show-toplevel [1ms]
2023-02-24 09:29:10.895 [info] fatal: not a git repository (or any parent up to mount point /)
Stopping at filesystem boundary (GIT_DISCOVERY_ACROSS_FILESYSTEM not set).
2023-02-24 09:29:10.907 [info] > git rev-parse --show-toplevel [1ms]
2023-02-24 09:29:10.907 [info] fatal: not a git repository (or any parent up to mount point /)
Stopping at filesystem boundary (GIT_DISCOVERY_ACROSS_FILESYSTEM not set).
2023-02-24 09:29:10.923 [info] > git rev-parse --show-toplevel [8ms]
2023-02-24 09:29:10.923 [info] fatal: not a git repository (or any parent up to mount point /)
Stopping at filesystem boundary (GIT_DISCOVERY_ACROSS_FILESYSTEM not set).
2023-02-24 09:29:10.936 [info] > git rev-parse --show-toplevel [5ms]
2023-02-24 09:29:10.936 [info] fatal: not a git repository (or any parent up to mount point /)
Stopping at filesystem boundary (GIT_DISCOVERY_ACROSS_FILESYSTEM not set).
2023-02-24 09:29:10.952 [info] > git rev-parse --show-toplevel [8ms]
2023-02-24 09:29:10.952 [info] fatal: not a git repository (or any parent up to mount point /)
Stopping at filesystem boundary (GIT_DISCOVERY_ACROSS_FILESYSTEM not set).
2023-02-24 09:32:10.224 [info] > git rev-parse --show-toplevel [7ms]
2023-02-24 09:32:10.225 [info] fatal: not a git repository (or any parent up to mount point /)
Stopping at filesystem boundary (GIT_DISCOVERY_ACROSS_FILESYSTEM not set).
