2023-02-25 18:58:16.550 [info] Log level: Info
2023-02-25 18:58:16.550 [info] Validating found git in: "git"
2023-02-25 18:58:16.550 [info] Using git "2.39.2" from "git"
2023-02-25 18:58:16.565 [info] > git rev-parse --show-toplevel [20ms]
2023-02-25 18:58:16.565 [info] fatal: not a git repository (or any parent up to mount point /)
Stopping at filesystem boundary (GIT_DISCOVERY_ACROSS_FILESYSTEM not set).
2023-02-25 18:58:16.709 [info] > git rev-parse --show-toplevel [131ms]
2023-02-25 18:58:16.709 [info] fatal: not a git repository (or any parent up to mount point /)
Stopping at filesystem boundary (GIT_DISCOVERY_ACROSS_FILESYSTEM not set).
2023-02-25 18:58:16.776 [info] > git rev-parse --show-toplevel [58ms]
2023-02-25 18:58:16.776 [info] fatal: not a git repository (or any parent up to mount point /)
Stopping at filesystem boundary (GIT_DISCOVERY_ACROSS_FILESYSTEM not set).
2023-02-25 18:58:16.905 [info] > git rev-parse --show-toplevel [102ms]
2023-02-25 18:58:16.905 [info] fatal: not a git repository (or any parent up to mount point /)
Stopping at filesystem boundary (GIT_DISCOVERY_ACROSS_FILESYSTEM not set).
2023-02-25 18:58:16.982 [info] > git rev-parse --show-toplevel [67ms]
2023-02-25 18:58:16.982 [info] fatal: not a git repository (or any parent up to mount point /)
Stopping at filesystem boundary (GIT_DISCOVERY_ACROSS_FILESYSTEM not set).
2023-02-25 18:58:17.394 [info] > git rev-parse --show-toplevel [399ms]
2023-02-25 18:58:17.394 [info] fatal: not a git repository (or any parent up to mount point /)
Stopping at filesystem boundary (GIT_DISCOVERY_ACROSS_FILESYSTEM not set).
2023-02-25 18:58:17.636 [info] > git rev-parse --show-toplevel [233ms]
2023-02-25 18:58:17.636 [info] fatal: not a git repository (or any parent up to mount point /)
Stopping at filesystem boundary (GIT_DISCOVERY_ACROSS_FILESYSTEM not set).
2023-02-25 18:58:17.743 [info] > git rev-parse --show-toplevel [91ms]
2023-02-25 18:58:17.743 [info] fatal: not a git repository (or any parent up to mount point /)
Stopping at filesystem boundary (GIT_DISCOVERY_ACROSS_FILESYSTEM not set).
2023-02-25 18:58:17.781 [info] > git rev-parse --show-toplevel [28ms]
2023-02-25 18:58:17.781 [info] fatal: not a git repository (or any parent up to mount point /)
Stopping at filesystem boundary (GIT_DISCOVERY_ACROSS_FILESYSTEM not set).
2023-02-25 18:58:17.803 [info] > git rev-parse --show-toplevel [12ms]
2023-02-25 18:58:17.803 [info] fatal: not a git repository (or any parent up to mount point /)
Stopping at filesystem boundary (GIT_DISCOVERY_ACROSS_FILESYSTEM not set).
2023-02-25 18:58:17.817 [info] > git rev-parse --show-toplevel [2ms]
2023-02-25 18:58:17.817 [info] fatal: not a git repository (or any parent up to mount point /)
Stopping at filesystem boundary (GIT_DISCOVERY_ACROSS_FILESYSTEM not set).
2023-02-25 18:58:17.829 [info] > git rev-parse --show-toplevel [1ms]
2023-02-25 18:58:17.829 [info] fatal: not a git repository (or any parent up to mount point /)
Stopping at filesystem boundary (GIT_DISCOVERY_ACROSS_FILESYSTEM not set).
2023-02-25 18:58:17.877 [info] > git rev-parse --show-toplevel [39ms]
2023-02-25 18:58:17.877 [info] fatal: not a git repository (or any parent up to mount point /)
Stopping at filesystem boundary (GIT_DISCOVERY_ACROSS_FILESYSTEM not set).
2023-02-25 18:58:17.894 [info] > git rev-parse --show-toplevel [8ms]
2023-02-25 18:58:17.894 [info] fatal: not a git repository (or any parent up to mount point /)
Stopping at filesystem boundary (GIT_DISCOVERY_ACROSS_FILESYSTEM not set).
2023-02-25 18:58:17.922 [info] > git rev-parse --show-toplevel [18ms]
2023-02-25 18:58:17.923 [info] fatal: not a git repository (or any parent up to mount point /)
Stopping at filesystem boundary (GIT_DISCOVERY_ACROSS_FILESYSTEM not set).
2023-02-25 18:58:17.942 [info] > git rev-parse --show-toplevel [10ms]
2023-02-25 18:58:17.943 [info] fatal: not a git repository (or any parent up to mount point /)
Stopping at filesystem boundary (GIT_DISCOVERY_ACROSS_FILESYSTEM not set).
2023-02-25 18:58:18.003 [info] > git rev-parse --show-toplevel [50ms]
2023-02-25 18:58:18.003 [info] fatal: not a git repository (or any parent up to mount point /)
Stopping at filesystem boundary (GIT_DISCOVERY_ACROSS_FILESYSTEM not set).
2023-02-25 18:58:18.017 [info] > git rev-parse --show-toplevel [5ms]
2023-02-25 18:58:18.017 [info] fatal: not a git repository (or any parent up to mount point /)
Stopping at filesystem boundary (GIT_DISCOVERY_ACROSS_FILESYSTEM not set).
2023-02-25 18:58:18.030 [info] > git rev-parse --show-toplevel [4ms]
2023-02-25 18:58:18.030 [info] fatal: not a git repository (or any parent up to mount point /)
Stopping at filesystem boundary (GIT_DISCOVERY_ACROSS_FILESYSTEM not set).
2023-02-25 18:58:18.047 [info] > git rev-parse --show-toplevel [8ms]
2023-02-25 18:58:18.047 [info] fatal: not a git repository (or any parent up to mount point /)
Stopping at filesystem boundary (GIT_DISCOVERY_ACROSS_FILESYSTEM not set).
2023-02-25 18:58:18.097 [info] > git rev-parse --show-toplevel [40ms]
2023-02-25 18:58:18.097 [info] fatal: not a git repository (or any parent up to mount point /)
Stopping at filesystem boundary (GIT_DISCOVERY_ACROSS_FILESYSTEM not set).
2023-02-25 18:58:18.117 [info] > git rev-parse --show-toplevel [12ms]
2023-02-25 18:58:18.117 [info] fatal: not a git repository (or any parent up to mount point /)
Stopping at filesystem boundary (GIT_DISCOVERY_ACROSS_FILESYSTEM not set).
2023-02-25 18:58:18.259 [info] > git rev-parse --show-toplevel [123ms]
2023-02-25 18:58:18.259 [info] fatal: not a git repository (or any parent up to mount point /)
Stopping at filesystem boundary (GIT_DISCOVERY_ACROSS_FILESYSTEM not set).
2023-02-25 18:58:18.277 [info] > git rev-parse --show-toplevel [4ms]
2023-02-25 18:58:18.278 [info] fatal: not a git repository (or any parent up to mount point /)
Stopping at filesystem boundary (GIT_DISCOVERY_ACROSS_FILESYSTEM not set).
2023-02-25 18:58:18.293 [info] > git rev-parse --show-toplevel [4ms]
2023-02-25 18:58:18.293 [info] fatal: not a git repository (or any parent up to mount point /)
Stopping at filesystem boundary (GIT_DISCOVERY_ACROSS_FILESYSTEM not set).
2023-02-25 18:58:18.307 [info] > git rev-parse --show-toplevel [3ms]
2023-02-25 18:58:18.307 [info] fatal: not a git repository (or any parent up to mount point /)
Stopping at filesystem boundary (GIT_DISCOVERY_ACROSS_FILESYSTEM not set).
2023-02-25 18:58:18.321 [info] > git rev-parse --show-toplevel [3ms]
2023-02-25 18:58:18.321 [info] fatal: not a git repository (or any parent up to mount point /)
Stopping at filesystem boundary (GIT_DISCOVERY_ACROSS_FILESYSTEM not set).
2023-02-25 18:58:18.340 [info] > git rev-parse --show-toplevel [3ms]
2023-02-25 18:58:18.341 [info] fatal: not a git repository (or any parent up to mount point /)
Stopping at filesystem boundary (GIT_DISCOVERY_ACROSS_FILESYSTEM not set).
2023-02-25 18:58:18.355 [info] > git rev-parse --show-toplevel [2ms]
2023-02-25 18:58:18.355 [info] fatal: not a git repository (or any parent up to mount point /)
Stopping at filesystem boundary (GIT_DISCOVERY_ACROSS_FILESYSTEM not set).
2023-02-25 18:58:18.371 [info] > git rev-parse --show-toplevel [5ms]
2023-02-25 18:58:18.371 [info] fatal: not a git repository (or any parent up to mount point /)
Stopping at filesystem boundary (GIT_DISCOVERY_ACROSS_FILESYSTEM not set).
2023-02-25 18:58:18.388 [info] > git rev-parse --show-toplevel [3ms]
2023-02-25 18:58:18.388 [info] fatal: not a git repository (or any parent up to mount point /)
Stopping at filesystem boundary (GIT_DISCOVERY_ACROSS_FILESYSTEM not set).
2023-02-25 18:58:18.400 [info] > git rev-parse --show-toplevel [3ms]
2023-02-25 18:58:18.400 [info] fatal: not a git repository (or any parent up to mount point /)
Stopping at filesystem boundary (GIT_DISCOVERY_ACROSS_FILESYSTEM not set).
2023-02-25 18:58:18.414 [info] > git rev-parse --show-toplevel [4ms]
2023-02-25 18:58:18.414 [info] fatal: not a git repository (or any parent up to mount point /)
Stopping at filesystem boundary (GIT_DISCOVERY_ACROSS_FILESYSTEM not set).
2023-02-25 18:58:18.426 [info] > git rev-parse --show-toplevel [2ms]
2023-02-25 18:58:18.426 [info] fatal: not a git repository (or any parent up to mount point /)
Stopping at filesystem boundary (GIT_DISCOVERY_ACROSS_FILESYSTEM not set).
2023-02-25 19:24:02.154 [info] > git rev-parse --show-toplevel [11ms]
2023-02-25 19:24:02.154 [info] fatal: not a git repository (or any parent up to mount point /)
Stopping at filesystem boundary (GIT_DISCOVERY_ACROSS_FILESYSTEM not set).
2023-02-25 19:24:04.490 [info] > git rev-parse --show-toplevel [3ms]
2023-02-25 19:24:04.490 [info] fatal: not a git repository (or any parent up to mount point /)
Stopping at filesystem boundary (GIT_DISCOVERY_ACROSS_FILESYSTEM not set).
2023-02-25 19:24:06.263 [info] > git rev-parse --show-toplevel [4ms]
2023-02-25 19:24:06.263 [info] fatal: not a git repository (or any parent up to mount point /)
Stopping at filesystem boundary (GIT_DISCOVERY_ACROSS_FILESYSTEM not set).
