2023-02-25 11:27:37.593 [info] Extension host with pid 1378 started
2023-02-25 11:27:37.593 [info] Skipping acquiring lock for /home/angel/.config/Code/User/workspaceStorage/fe1f339a418e77d56bed5f822544b52a.
2023-02-25 11:27:37.692 [info] ExtensionService#_doActivateExtension vscode.emmet, startup: false, activationEvent: 'onLanguage'
2023-02-25 11:27:37.705 [info] ExtensionService#_doActivateExtension vscode.npm, startup: false, activationEvent: 'onLanguage:properties'
2023-02-25 11:27:37.721 [info] ExtensionService#_doActivateExtension formulahendry.code-runner, startup: false, activationEvent: 'onLanguage:code-runner-output'
2023-02-25 11:27:37.803 [info] ExtensionService#_doActivateExtension vscode.git-base, startup: true, activationEvent: '*', root cause: vscode.git
2023-02-25 11:27:37.807 [info] ExtensionService#_doActivateExtension formulahendry.auto-rename-tag, startup: true, activationEvent: '*'
2023-02-25 11:27:37.822 [info] ExtensionService#_doActivateExtension spikespaz.vscode-smoothtype, startup: true, activationEvent: '*'
2023-02-25 11:27:37.835 [info] ExtensionService#_doActivateExtension TabNine.tabnine-vscode, startup: true, activationEvent: '*'
2023-02-25 11:27:37.962 [info] ExtensionService#_doActivateExtension tomzx.emoji, startup: true, activationEvent: '*'
2023-02-25 11:27:37.982 [info] ExtensionService#_doActivateExtension vscodevim.vim, startup: true, activationEvent: '*'
2023-02-25 11:27:38.275 [info] ExtensionService#_doActivateExtension vscode.git, startup: true, activationEvent: '*'
2023-02-25 11:27:38.307 [info] ExtensionService#_doActivateExtension vscode.github, startup: true, activationEvent: '*'
2023-02-25 11:27:38.313 [info] ExtensionService#_doActivateExtension vscode.configuration-editing, startup: false, activationEvent: 'onLanguage:jsonc'
2023-02-25 11:27:38.332 [info] ExtensionService#_doActivateExtension vscode.json-language-features, startup: false, activationEvent: 'onLanguage:jsonc'
2023-02-25 11:27:38.447 [info] ExtensionService#_doActivateExtension vscode.typescript-language-features, startup: false, activationEvent: 'onLanguage:jsonc'
2023-02-25 11:27:39.131 [info] ExtensionService#_doActivateExtension vscode.github-authentication, startup: false, activationEvent: 'onAuthenticationRequest:github'
2023-02-25 11:27:39.224 [info] Eager extensions activated
2023-02-25 11:27:39.348 [info] ExtensionService#_doActivateExtension vscode.debug-auto-launch, startup: false, activationEvent: 'onStartupFinished'
2023-02-25 11:27:39.353 [info] ExtensionService#_doActivateExtension vscode.merge-conflict, startup: false, activationEvent: 'onStartupFinished'
2023-02-25 11:27:39.368 [info] ExtensionService#_doActivateExtension eamodio.gitlens, startup: false, activationEvent: 'onStartupFinished'
2023-02-25 11:27:39.458 [info] ExtensionService#_doActivateExtension equinusocio.vsc-material-theme-icons, startup: false, activationEvent: 'onStartupFinished'
2023-02-25 11:27:39.547 [info] ExtensionService#_doActivateExtension hoovercj.vscode-power-mode, startup: false, activationEvent: 'onStartupFinished'
2023-02-25 11:27:39.578 [info] ExtensionService#_doActivateExtension PKief.material-icon-theme, startup: false, activationEvent: 'onStartupFinished'
2023-02-25 11:27:39.590 [info] ExtensionService#_doActivateExtension ritwickdey.LiveServer, startup: false, activationEvent: 'onStartupFinished'
2023-02-25 11:27:39.611 [info] ExtensionService#_doActivateExtension vscode-icons-team.vscode-icons, startup: false, activationEvent: 'onStartupFinished'
2023-02-25 11:27:39.701 [info] ExtensionService#_doActivateExtension GitHub.vscode-pull-request-github, startup: false, activationEvent: 'onStartupFinished'
2023-02-25 11:27:40.134 [info] ExtensionService#_doActivateExtension vscode.microsoft-authentication, startup: false, activationEvent: 'onAuthenticationRequest:microsoft'
2023-02-25 11:27:40.155 [info] ExtensionService#_doActivateExtension esbenp.prettier-vscode, startup: false, activationEvent: 'onStartupFinished'
2023-02-25 12:18:40.472 [info] ExtensionService#_doActivateExtension vscode.media-preview, startup: false, activationEvent: 'onCustomEditor:imagePreview.previewEditor'
2023-02-25 13:17:58.456 [warning] TextEditor is closed/disposed
2023-02-25 13:17:58.456 [warning] TextEditor is closed/disposed
2023-02-25 13:17:58.509 [warning] ExtHostTextEditorOptions 'setCursorStyle' failed:'
2023-02-25 13:17:58.509 [warning] {"name":"DISPOSED","message":"TextEditor(vs.editor.ICodeEditor:1,$model5) has been disposed"}
2023-02-25 13:18:03.018 [warning] TextEditor is closed/disposed
2023-02-25 13:18:03.018 [warning] TextEditor is closed/disposed
2023-02-25 13:18:03.034 [warning] ExtHostTextEditorOptions 'setCursorStyle' failed:'
2023-02-25 13:18:03.034 [warning] {"name":"DISPOSED","message":"TextEditor(vs.editor.ICodeEditor:1,$model1) has been disposed"}
2023-02-25 14:28:26.844 [warning] TextEditor is closed/disposed
2023-02-25 14:28:26.844 [warning] TextEditor is closed/disposed
2023-02-25 14:28:26.898 [warning] ExtHostTextEditorOptions 'setCursorStyle' failed:'
2023-02-25 14:28:26.898 [warning] {"name":"DISPOSED","message":"TextEditor(vs.editor.ICodeEditor:1,$model6) has been disposed"}
2023-02-25 14:28:28.053 [warning] TextEditor is closed/disposed
2023-02-25 14:28:28.053 [warning] TextEditor is closed/disposed
2023-02-25 14:28:28.067 [warning] ExtHostTextEditorOptions 'setCursorStyle' failed:'
2023-02-25 14:28:28.067 [warning] {"name":"DISPOSED","message":"TextEditor(vs.editor.ICodeEditor:1,$model7) has been disposed"}
2023-02-25 15:20:02.703 [warning] TextEditor is closed/disposed
2023-02-25 15:20:02.703 [warning] TextEditor is closed/disposed
2023-02-25 15:20:02.756 [warning] ExtHostTextEditorOptions 'setCursorStyle' failed:'
2023-02-25 15:20:02.756 [warning] {"name":"DISPOSED","message":"TextEditor(vs.editor.ICodeEditor:1,$model10) has been disposed"}
2023-02-25 15:20:18.719 [warning] TextEditor is closed/disposed
2023-02-25 15:20:18.719 [warning] TextEditor is closed/disposed
2023-02-25 15:20:18.765 [warning] ExtHostTextEditorOptions 'setCursorStyle' failed:'
2023-02-25 15:20:18.765 [warning] {"name":"DISPOSED","message":"TextEditor(vs.editor.ICodeEditor:1,$model8) has been disposed"}
2023-02-25 15:20:27.338 [warning] TextEditor is closed/disposed
2023-02-25 15:20:27.338 [warning] TextEditor is closed/disposed
2023-02-25 15:20:27.389 [warning] ExtHostTextEditorOptions 'setCursorStyle' failed:'
2023-02-25 15:20:27.389 [warning] {"name":"DISPOSED","message":"TextEditor(vs.editor.ICodeEditor:1,$model11) has been disposed"}
2023-02-25 15:24:59.759 [info] ExtensionService#_doActivateExtension vscode.css-language-features, startup: false, activationEvent: 'onLanguage:css'
2023-02-25 16:00:24.614 [warning] TextEditor is closed/disposed
2023-02-25 16:00:24.780 [warning] TextEditor is closed/disposed
2023-02-25 16:01:51.777 [warning] TextEditor is closed/disposed
2023-02-25 16:01:51.975 [warning] TextEditor is closed/disposed
2023-02-25 16:30:16.676 [warning] TextEditor is closed/disposed
2023-02-25 16:30:16.676 [warning] TextEditor is closed/disposed
2023-02-25 16:30:16.742 [warning] ExtHostTextEditorOptions 'setCursorStyle' failed:'
2023-02-25 16:30:16.742 [warning] {"name":"DISPOSED","message":"TextEditor(vs.editor.ICodeEditor:1,$model20) has been disposed"}
