2023-02-24 08:52:35.119 [info] Log level: Info
2023-02-24 08:52:35.119 [info] Validating found git in: "git"
2023-02-24 08:52:35.119 [info] Using git "2.39.2" from "git"
2023-02-24 08:52:35.119 [info] > git rev-parse --show-toplevel [19ms]
2023-02-24 08:52:35.120 [info] fatal: not a git repository (or any parent up to mount point /)
Stopping at filesystem boundary (GIT_DISCOVERY_ACROSS_FILESYSTEM not set).
2023-02-24 08:52:35.121 [info] > git rev-parse --show-toplevel [71ms]
2023-02-24 08:52:35.121 [info] fatal: not a git repository (or any parent up to mount point /)
Stopping at filesystem boundary (GIT_DISCOVERY_ACROSS_FILESYSTEM not set).
2023-02-24 08:52:35.178 [info] > git rev-parse --show-toplevel [51ms]
2023-02-24 08:52:35.179 [info] fatal: not a git repository (or any parent up to mount point /)
Stopping at filesystem boundary (GIT_DISCOVERY_ACROSS_FILESYSTEM not set).
2023-02-24 08:52:35.308 [info] > git rev-parse --show-toplevel [99ms]
2023-02-24 08:52:35.308 [info] fatal: not a git repository (or any parent up to mount point /)
Stopping at filesystem boundary (GIT_DISCOVERY_ACROSS_FILESYSTEM not set).
2023-02-24 08:52:35.680 [info] > git rev-parse --show-toplevel [363ms]
2023-02-24 08:52:35.680 [info] fatal: not a git repository (or any parent up to mount point /)
Stopping at filesystem boundary (GIT_DISCOVERY_ACROSS_FILESYSTEM not set).
2023-02-24 08:52:35.895 [info] > git rev-parse --show-toplevel [206ms]
2023-02-24 08:52:35.895 [info] fatal: not a git repository (or any parent up to mount point /)
Stopping at filesystem boundary (GIT_DISCOVERY_ACROSS_FILESYSTEM not set).
2023-02-24 08:52:36.045 [info] > git rev-parse --show-toplevel [140ms]
2023-02-24 08:52:36.045 [info] fatal: not a git repository (or any parent up to mount point /)
Stopping at filesystem boundary (GIT_DISCOVERY_ACROSS_FILESYSTEM not set).
2023-02-24 08:52:36.154 [info] > git rev-parse --show-toplevel [97ms]
2023-02-24 08:52:36.154 [info] fatal: not a git repository (or any parent up to mount point /)
Stopping at filesystem boundary (GIT_DISCOVERY_ACROSS_FILESYSTEM not set).
2023-02-24 08:52:36.210 [info] > git rev-parse --show-toplevel [30ms]
2023-02-24 08:52:36.210 [info] fatal: not a git repository (or any parent up to mount point /)
Stopping at filesystem boundary (GIT_DISCOVERY_ACROSS_FILESYSTEM not set).
2023-02-24 08:52:36.245 [info] > git rev-parse --show-toplevel [9ms]
2023-02-24 08:52:36.245 [info] fatal: not a git repository (or any parent up to mount point /)
Stopping at filesystem boundary (GIT_DISCOVERY_ACROSS_FILESYSTEM not set).
2023-02-24 08:52:36.264 [info] > git rev-parse --show-toplevel [4ms]
2023-02-24 08:52:36.264 [info] fatal: not a git repository (or any parent up to mount point /)
Stopping at filesystem boundary (GIT_DISCOVERY_ACROSS_FILESYSTEM not set).
2023-02-24 08:52:36.273 [info] > git rev-parse --show-toplevel [1ms]
2023-02-24 08:52:36.273 [info] fatal: not a git repository (or any parent up to mount point /)
Stopping at filesystem boundary (GIT_DISCOVERY_ACROSS_FILESYSTEM not set).
2023-02-24 08:52:36.331 [info] > git rev-parse --show-toplevel [50ms]
2023-02-24 08:52:36.331 [info] fatal: not a git repository (or any parent up to mount point /)
Stopping at filesystem boundary (GIT_DISCOVERY_ACROSS_FILESYSTEM not set).
2023-02-24 08:52:36.371 [info] > git rev-parse --show-toplevel [30ms]
2023-02-24 08:52:36.371 [info] fatal: not a git repository (or any parent up to mount point /)
Stopping at filesystem boundary (GIT_DISCOVERY_ACROSS_FILESYSTEM not set).
2023-02-24 08:52:36.383 [info] > git rev-parse --show-toplevel [3ms]
2023-02-24 08:52:36.383 [info] fatal: not a git repository (or any parent up to mount point /)
Stopping at filesystem boundary (GIT_DISCOVERY_ACROSS_FILESYSTEM not set).
2023-02-24 08:52:36.392 [info] > git rev-parse --show-toplevel [2ms]
2023-02-24 08:52:36.392 [info] fatal: not a git repository (or any parent up to mount point /)
Stopping at filesystem boundary (GIT_DISCOVERY_ACROSS_FILESYSTEM not set).
2023-02-24 08:52:36.440 [info] > git rev-parse --show-toplevel [39ms]
2023-02-24 08:52:36.440 [info] fatal: not a git repository (or any parent up to mount point /)
Stopping at filesystem boundary (GIT_DISCOVERY_ACROSS_FILESYSTEM not set).
2023-02-24 08:52:36.451 [info] > git rev-parse --show-toplevel [2ms]
2023-02-24 08:52:36.451 [info] fatal: not a git repository (or any parent up to mount point /)
Stopping at filesystem boundary (GIT_DISCOVERY_ACROSS_FILESYSTEM not set).
2023-02-24 08:52:36.559 [info] > git rev-parse --show-toplevel [98ms]
2023-02-24 08:52:36.559 [info] fatal: not a git repository (or any parent up to mount point /)
Stopping at filesystem boundary (GIT_DISCOVERY_ACROSS_FILESYSTEM not set).
2023-02-24 08:52:36.588 [info] > git rev-parse --show-toplevel [14ms]
2023-02-24 08:52:36.588 [info] fatal: not a git repository (or any parent up to mount point /)
Stopping at filesystem boundary (GIT_DISCOVERY_ACROSS_FILESYSTEM not set).
2023-02-24 08:52:36.603 [info] > git rev-parse --show-toplevel [2ms]
2023-02-24 08:52:36.603 [info] fatal: not a git repository (or any parent up to mount point /)
Stopping at filesystem boundary (GIT_DISCOVERY_ACROSS_FILESYSTEM not set).
2023-02-24 08:52:36.618 [info] > git rev-parse --show-toplevel [3ms]
2023-02-24 08:52:36.618 [info] fatal: not a git repository (or any parent up to mount point /)
Stopping at filesystem boundary (GIT_DISCOVERY_ACROSS_FILESYSTEM not set).
2023-02-24 08:52:36.635 [info] > git rev-parse --show-toplevel [1ms]
2023-02-24 08:52:36.636 [info] fatal: not a git repository (or any parent up to mount point /)
Stopping at filesystem boundary (GIT_DISCOVERY_ACROSS_FILESYSTEM not set).
2023-02-24 08:52:36.648 [info] > git rev-parse --show-toplevel [1ms]
2023-02-24 08:52:36.648 [info] fatal: not a git repository (or any parent up to mount point /)
Stopping at filesystem boundary (GIT_DISCOVERY_ACROSS_FILESYSTEM not set).
2023-02-24 08:52:36.660 [info] > git rev-parse --show-toplevel [1ms]
2023-02-24 08:52:36.660 [info] fatal: not a git repository (or any parent up to mount point /)
Stopping at filesystem boundary (GIT_DISCOVERY_ACROSS_FILESYSTEM not set).
2023-02-24 08:52:36.676 [info] > git rev-parse --show-toplevel [4ms]
2023-02-24 08:52:36.676 [info] fatal: not a git repository (or any parent up to mount point /)
Stopping at filesystem boundary (GIT_DISCOVERY_ACROSS_FILESYSTEM not set).
2023-02-24 08:52:36.692 [info] > git rev-parse --show-toplevel [4ms]
2023-02-24 08:52:36.692 [info] fatal: not a git repository (or any parent up to mount point /)
Stopping at filesystem boundary (GIT_DISCOVERY_ACROSS_FILESYSTEM not set).
2023-02-24 08:52:36.710 [info] > git rev-parse --show-toplevel [4ms]
2023-02-24 08:52:36.710 [info] fatal: not a git repository (or any parent up to mount point /)
Stopping at filesystem boundary (GIT_DISCOVERY_ACROSS_FILESYSTEM not set).
2023-02-24 08:52:36.729 [info] > git rev-parse --show-toplevel [2ms]
2023-02-24 08:52:36.729 [info] fatal: not a git repository (or any parent up to mount point /)
Stopping at filesystem boundary (GIT_DISCOVERY_ACROSS_FILESYSTEM not set).
2023-02-24 08:52:36.742 [info] > git rev-parse --show-toplevel [1ms]
2023-02-24 08:52:36.742 [info] fatal: not a git repository (or any parent up to mount point /)
Stopping at filesystem boundary (GIT_DISCOVERY_ACROSS_FILESYSTEM not set).
2023-02-24 08:54:02.889 [info] > git rev-parse --show-toplevel [5ms]
2023-02-24 08:54:02.889 [info] fatal: not a git repository (or any parent up to mount point /)
Stopping at filesystem boundary (GIT_DISCOVERY_ACROSS_FILESYSTEM not set).
2023-02-24 08:54:17.921 [info] > git rev-parse --show-toplevel [3ms]
2023-02-24 08:54:17.921 [info] fatal: not a git repository (or any parent up to mount point /)
Stopping at filesystem boundary (GIT_DISCOVERY_ACROSS_FILESYSTEM not set).
