2023-02-24 09:39:09.190 [info] Log level: Info
2023-02-24 09:39:09.190 [info] Validating found git in: "git"
2023-02-24 09:39:09.191 [info] Using git "2.39.2" from "git"
2023-02-24 09:39:09.191 [info] > git rev-parse --show-toplevel [16ms]
2023-02-24 09:39:09.191 [info] fatal: not a git repository (or any parent up to mount point /)
Stopping at filesystem boundary (GIT_DISCOVERY_ACROSS_FILESYSTEM not set).
2023-02-24 09:39:09.191 [info] > git rev-parse --show-toplevel [65ms]
2023-02-24 09:39:09.191 [info] fatal: not a git repository (or any parent up to mount point /)
Stopping at filesystem boundary (GIT_DISCOVERY_ACROSS_FILESYSTEM not set).
2023-02-24 09:39:09.242 [info] > git rev-parse --show-toplevel [43ms]
2023-02-24 09:39:09.242 [info] fatal: not a git repository (or any parent up to mount point /)
Stopping at filesystem boundary (GIT_DISCOVERY_ACROSS_FILESYSTEM not set).
2023-02-24 09:39:09.338 [info] > git rev-parse --show-toplevel [89ms]
2023-02-24 09:39:09.338 [info] fatal: not a git repository (or any parent up to mount point /)
Stopping at filesystem boundary (GIT_DISCOVERY_ACROSS_FILESYSTEM not set).
2023-02-24 09:39:09.518 [info] > git rev-parse --show-toplevel [172ms]
2023-02-24 09:39:09.518 [info] fatal: not a git repository (or any parent up to mount point /)
Stopping at filesystem boundary (GIT_DISCOVERY_ACROSS_FILESYSTEM not set).
2023-02-24 09:39:09.712 [info] > git rev-parse --show-toplevel [186ms]
2023-02-24 09:39:09.712 [info] fatal: not a git repository (or any parent up to mount point /)
Stopping at filesystem boundary (GIT_DISCOVERY_ACROSS_FILESYSTEM not set).
2023-02-24 09:39:09.818 [info] > git rev-parse --show-toplevel [97ms]
2023-02-24 09:39:09.818 [info] fatal: not a git repository (or any parent up to mount point /)
Stopping at filesystem boundary (GIT_DISCOVERY_ACROSS_FILESYSTEM not set).
2023-02-24 09:39:09.896 [info] > git rev-parse --show-toplevel [69ms]
2023-02-24 09:39:09.896 [info] fatal: not a git repository (or any parent up to mount point /)
Stopping at filesystem boundary (GIT_DISCOVERY_ACROSS_FILESYSTEM not set).
2023-02-24 09:39:09.918 [info] > git rev-parse --show-toplevel [10ms]
2023-02-24 09:39:09.918 [info] fatal: not a git repository (or any parent up to mount point /)
Stopping at filesystem boundary (GIT_DISCOVERY_ACROSS_FILESYSTEM not set).
2023-02-24 09:39:09.935 [info] > git rev-parse --show-toplevel [4ms]
2023-02-24 09:39:09.935 [info] fatal: not a git repository (or any parent up to mount point /)
Stopping at filesystem boundary (GIT_DISCOVERY_ACROSS_FILESYSTEM not set).
2023-02-24 09:39:10.001 [info] > git rev-parse --show-toplevel [55ms]
2023-02-24 09:39:10.001 [info] fatal: not a git repository (or any parent up to mount point /)
Stopping at filesystem boundary (GIT_DISCOVERY_ACROSS_FILESYSTEM not set).
2023-02-24 09:39:10.013 [info] > git rev-parse --show-toplevel [3ms]
2023-02-24 09:39:10.013 [info] fatal: not a git repository (or any parent up to mount point /)
Stopping at filesystem boundary (GIT_DISCOVERY_ACROSS_FILESYSTEM not set).
2023-02-24 09:39:10.027 [info] > git rev-parse --show-toplevel [4ms]
2023-02-24 09:39:10.027 [info] fatal: not a git repository (or any parent up to mount point /)
Stopping at filesystem boundary (GIT_DISCOVERY_ACROSS_FILESYSTEM not set).
2023-02-24 09:39:10.041 [info] > git rev-parse --show-toplevel [3ms]
2023-02-24 09:39:10.041 [info] fatal: not a git repository (or any parent up to mount point /)
Stopping at filesystem boundary (GIT_DISCOVERY_ACROSS_FILESYSTEM not set).
2023-02-24 09:39:10.066 [info] > git rev-parse --show-toplevel [16ms]
2023-02-24 09:39:10.066 [info] fatal: not a git repository (or any parent up to mount point /)
Stopping at filesystem boundary (GIT_DISCOVERY_ACROSS_FILESYSTEM not set).
2023-02-24 09:39:10.092 [info] > git rev-parse --show-toplevel [17ms]
2023-02-24 09:39:10.092 [info] fatal: not a git repository (or any parent up to mount point /)
Stopping at filesystem boundary (GIT_DISCOVERY_ACROSS_FILESYSTEM not set).
2023-02-24 09:39:10.171 [info] > git rev-parse --show-toplevel [70ms]
2023-02-24 09:39:10.171 [info] fatal: not a git repository (or any parent up to mount point /)
Stopping at filesystem boundary (GIT_DISCOVERY_ACROSS_FILESYSTEM not set).
2023-02-24 09:39:10.186 [info] > git rev-parse --show-toplevel [7ms]
2023-02-24 09:39:10.187 [info] fatal: not a git repository (or any parent up to mount point /)
Stopping at filesystem boundary (GIT_DISCOVERY_ACROSS_FILESYSTEM not set).
2023-02-24 09:39:10.196 [info] > git rev-parse --show-toplevel [2ms]
2023-02-24 09:39:10.196 [info] fatal: not a git repository (or any parent up to mount point /)
Stopping at filesystem boundary (GIT_DISCOVERY_ACROSS_FILESYSTEM not set).
2023-02-24 09:39:10.208 [info] > git rev-parse --show-toplevel [4ms]
2023-02-24 09:39:10.208 [info] fatal: not a git repository (or any parent up to mount point /)
Stopping at filesystem boundary (GIT_DISCOVERY_ACROSS_FILESYSTEM not set).
2023-02-24 09:39:10.226 [info] > git rev-parse --show-toplevel [9ms]
2023-02-24 09:39:10.226 [info] fatal: not a git repository (or any parent up to mount point /)
Stopping at filesystem boundary (GIT_DISCOVERY_ACROSS_FILESYSTEM not set).
2023-02-24 09:39:10.261 [info] > git rev-parse --show-toplevel [26ms]
2023-02-24 09:39:10.261 [info] fatal: not a git repository (or any parent up to mount point /)
Stopping at filesystem boundary (GIT_DISCOVERY_ACROSS_FILESYSTEM not set).
2023-02-24 09:39:10.277 [info] > git rev-parse --show-toplevel [5ms]
2023-02-24 09:39:10.277 [info] fatal: not a git repository (or any parent up to mount point /)
Stopping at filesystem boundary (GIT_DISCOVERY_ACROSS_FILESYSTEM not set).
2023-02-24 09:39:10.291 [info] > git rev-parse --show-toplevel [1ms]
2023-02-24 09:39:10.291 [info] fatal: not a git repository (or any parent up to mount point /)
Stopping at filesystem boundary (GIT_DISCOVERY_ACROSS_FILESYSTEM not set).
2023-02-24 09:39:10.304 [info] > git rev-parse --show-toplevel [2ms]
2023-02-24 09:39:10.304 [info] fatal: not a git repository (or any parent up to mount point /)
Stopping at filesystem boundary (GIT_DISCOVERY_ACROSS_FILESYSTEM not set).
2023-02-24 09:39:10.315 [info] > git rev-parse --show-toplevel [1ms]
2023-02-24 09:39:10.315 [info] fatal: not a git repository (or any parent up to mount point /)
Stopping at filesystem boundary (GIT_DISCOVERY_ACROSS_FILESYSTEM not set).
2023-02-24 09:39:10.324 [info] > git rev-parse --show-toplevel [1ms]
2023-02-24 09:39:10.324 [info] fatal: not a git repository (or any parent up to mount point /)
Stopping at filesystem boundary (GIT_DISCOVERY_ACROSS_FILESYSTEM not set).
2023-02-24 09:39:10.337 [info] > git rev-parse --show-toplevel [3ms]
2023-02-24 09:39:10.337 [info] fatal: not a git repository (or any parent up to mount point /)
Stopping at filesystem boundary (GIT_DISCOVERY_ACROSS_FILESYSTEM not set).
