2023-02-26 09:08:10.446 [info] Added views:workbench.panel.markers.view in workbench.panel.markers
2023-02-26 09:08:10.446 [info] Added views:workbench.panel.output in workbench.panel.output
2023-02-26 09:08:10.446 [info] Added views:terminal in terminal
2023-02-26 09:08:10.446 [info] Added views:outline in workbench.view.explorer
2023-02-26 09:08:10.446 [info] Added views:workbench.scm in workbench.view.scm
2023-02-26 09:08:10.446 [info] Added views:workbench.view.search in workbench.view.search
2023-02-26 09:08:10.446 [info] Added views:timeline in workbench.view.explorer
2023-02-26 09:08:10.446 [info] Added views:workbench.explorer.fileView in workbench.view.explorer
2023-02-26 09:08:10.777 [info] Added views:gitlens.views.home,gitlens.views.contributors in workbench.view.extension.gitlens
2023-02-26 09:08:10.779 [info] Added views:gitlens.views.commits,gitlens.views.commitDetails,gitlens.views.fileHistory,gitlens.views.branches,gitlens.views.remotes,gitlens.views.stashes,gitlens.views.tags,gitlens.views.searchAndCompare in workbench.view.scm
2023-02-26 09:08:10.780 [info] Added views:pr:github,issues:github in workbench.view.extension.github-pull-requests
2023-02-26 09:08:11.041 [info] Added views:workbench.debug.variablesView,workbench.debug.watchExpressionsView,workbench.debug.callStackView,workbench.debug.breakPointsView in workbench.view.debug
2023-02-26 09:08:11.074 [info] Added views:workbench.panel.repl.view in workbench.panel.repl
2023-02-26 09:08:11.076 [info] Removed views:workbench.debug.breakPointsView,workbench.debug.callStackView,workbench.debug.watchExpressionsView,workbench.debug.variablesView from workbench.view.debug
2023-02-26 09:08:11.078 [info] Added views:workbench.debug.welcome in workbench.view.debug
2023-02-26 09:08:11.346 [info] Added views:workbench.panel.comments in workbench.panel.comments
2023-02-26 09:08:12.371 [info] Removed views:gitlens.views.searchAndCompare,gitlens.views.tags,gitlens.views.stashes,gitlens.views.remotes,gitlens.views.branches,gitlens.views.fileHistory,gitlens.views.commitDetails,gitlens.views.commits from workbench.view.scm
2023-02-26 09:08:12.371 [info] Removed views:gitlens.views.contributors from workbench.view.extension.gitlens
2023-02-26 09:08:12.607 [info] Added views:tabnine-home in workbench.view.extension.tabnine-access
2023-02-26 09:08:12.610 [info] Added views:tabnine-notifications in workbench.view.extension.tabnine-access
2023-02-26 09:08:12.612 [info] Added views:tabnine-today in workbench.view.extension.tabnine-access
