2023-02-26 08:11:19.463 [info] Extension host with pid 1355 started
2023-02-26 08:11:19.463 [info] Skipping acquiring lock for /home/angel/.config/Code/User/workspaceStorage/fe1f339a418e77d56bed5f822544b52a.
2023-02-26 08:11:19.566 [info] ExtensionService#_doActivateExtension vscode.emmet, startup: false, activationEvent: 'onLanguage'
2023-02-26 08:11:19.576 [info] ExtensionService#_doActivateExtension formulahendry.code-runner, startup: false, activationEvent: 'onLanguage:code-runner-output'
2023-02-26 08:11:19.643 [info] ExtensionService#_doActivateExtension vscode.git-base, startup: true, activationEvent: '*', root cause: vscode.git
2023-02-26 08:11:19.649 [info] ExtensionService#_doActivateExtension formulahendry.auto-rename-tag, startup: true, activationEvent: '*'
2023-02-26 08:11:19.665 [info] ExtensionService#_doActivateExtension spikespaz.vscode-smoothtype, startup: true, activationEvent: '*'
2023-02-26 08:11:19.682 [info] ExtensionService#_doActivateExtension TabNine.tabnine-vscode, startup: true, activationEvent: '*'
2023-02-26 08:11:19.798 [info] ExtensionService#_doActivateExtension tomzx.emoji, startup: true, activationEvent: '*'
2023-02-26 08:11:19.819 [info] ExtensionService#_doActivateExtension vscodevim.vim, startup: true, activationEvent: '*'
2023-02-26 08:11:20.140 [info] ExtensionService#_doActivateExtension vscode.git, startup: true, activationEvent: '*'
2023-02-26 08:11:20.177 [info] ExtensionService#_doActivateExtension vscode.github, startup: true, activationEvent: '*'
2023-02-26 08:11:20.246 [info] ExtensionService#_doActivateExtension vscode.configuration-editing, startup: false, activationEvent: 'onLanguage:jsonc'
2023-02-26 08:11:20.263 [info] ExtensionService#_doActivateExtension vscode.json-language-features, startup: false, activationEvent: 'onLanguage:jsonc'
2023-02-26 08:11:20.373 [info] ExtensionService#_doActivateExtension vscode.typescript-language-features, startup: false, activationEvent: 'onLanguage:jsonc'
2023-02-26 08:11:21.040 [info] Eager extensions activated
2023-02-26 08:11:21.109 [info] ExtensionService#_doActivateExtension vscode.debug-auto-launch, startup: false, activationEvent: 'onStartupFinished'
2023-02-26 08:11:21.112 [info] ExtensionService#_doActivateExtension vscode.merge-conflict, startup: false, activationEvent: 'onStartupFinished'
2023-02-26 08:11:21.128 [info] ExtensionService#_doActivateExtension eamodio.gitlens, startup: false, activationEvent: 'onStartupFinished'
2023-02-26 08:11:21.189 [info] ExtensionService#_doActivateExtension equinusocio.vsc-material-theme-icons, startup: false, activationEvent: 'onStartupFinished'
2023-02-26 08:11:21.264 [info] ExtensionService#_doActivateExtension vscode.npm, startup: false, activationEvent: 'onStartupFinished', root cause: esbenp.prettier-vscode
2023-02-26 08:11:21.279 [info] ExtensionService#_doActivateExtension vscode.github-authentication, startup: false, activationEvent: 'onStartupFinished', root cause: GitHub.vscode-pull-request-github
2023-02-26 08:11:21.314 [info] ExtensionService#_doActivateExtension hoovercj.vscode-power-mode, startup: false, activationEvent: 'onStartupFinished'
2023-02-26 08:11:21.347 [info] ExtensionService#_doActivateExtension PKief.material-icon-theme, startup: false, activationEvent: 'onStartupFinished'
2023-02-26 08:11:21.358 [info] ExtensionService#_doActivateExtension ritwickdey.LiveServer, startup: false, activationEvent: 'onStartupFinished'
2023-02-26 08:11:21.373 [info] ExtensionService#_doActivateExtension vscode-icons-team.vscode-icons, startup: false, activationEvent: 'onStartupFinished'
2023-02-26 08:11:21.783 [info] ExtensionService#_doActivateExtension GitHub.vscode-pull-request-github, startup: false, activationEvent: 'onStartupFinished'
2023-02-26 08:11:22.076 [info] ExtensionService#_doActivateExtension vscode.microsoft-authentication, startup: false, activationEvent: 'onAuthenticationRequest:microsoft'
2023-02-26 08:11:22.371 [info] ExtensionService#_doActivateExtension esbenp.prettier-vscode, startup: false, activationEvent: 'onStartupFinished'
2023-02-26 08:13:28.188 [info] ExtensionService#_doActivateExtension ms-python.python, startup: false, activationEvent: 'onLanguage:ini'
2023-02-26 09:11:04.806 [info] Extension host terminating: renderer closed the MessagePort
2023-02-26 09:11:04.879 [error] Canceled: Canceled
    at new u (/opt/visual-studio-code/resources/app/out/vs/workbench/api/node/extensionHostProcess.js:96:88070)
    at l.O (/opt/visual-studio-code/resources/app/out/vs/workbench/api/node/extensionHostProcess.js:106:11276)
    at Proxy.V.<computed>.M.charCodeAt.V.<computed> (/opt/visual-studio-code/resources/app/out/vs/workbench/api/node/extensionHostProcess.js:106:8557)
    at s.g (/opt/visual-studio-code/resources/app/out/vs/workbench/api/node/extensionHostProcess.js:96:107430)
    at s.executeCommand (/opt/visual-studio-code/resources/app/out/vs/workbench/api/node/extensionHostProcess.js:96:106806)
    at w.registerCommand.description (/opt/visual-studio-code/resources/app/out/vs/workbench/api/node/extensionHostProcess.js:96:106099)
    at s.h (/opt/visual-studio-code/resources/app/out/vs/workbench/api/node/extensionHostProcess.js:96:108016)
    at s.g (/opt/visual-studio-code/resources/app/out/vs/workbench/api/node/extensionHostProcess.js:96:106906)
    at s.executeCommand (/opt/visual-studio-code/resources/app/out/vs/workbench/api/node/extensionHostProcess.js:96:106806)
    at Object.executeCommand (/opt/visual-studio-code/resources/app/out/vs/workbench/api/node/extensionHostProcess.js:117:30778)
    at c (/home/angel/.vscode/extensions/eamodio.gitlens-13.3.1/dist/gitlens.js:1:991281)
    at ActionRunners._updateContextKeys (/home/angel/.vscode/extensions/eamodio.gitlens-13.3.1/dist/gitlens.js:1:12768)
    at s (/home/angel/.vscode/extensions/eamodio.gitlens-13.3.1/dist/gitlens.js:1:11187)
    at RegisteredActionRunner.unregister (/home/angel/.vscode/extensions/eamodio.gitlens-13.3.1/dist/gitlens.js:1:11331)
    at RegisteredActionRunner.dispose (/home/angel/.vscode/extensions/eamodio.gitlens-13.3.1/dist/gitlens.js:1:9993)
    at ActionRunners.dispose (/home/angel/.vscode/extensions/eamodio.gitlens-13.3.1/dist/gitlens.js:1:10772)
    at T (/opt/visual-studio-code/resources/app/out/vs/workbench/api/node/extensionHostProcess.js:10:12072)
    at f.X (/opt/visual-studio-code/resources/app/out/vs/workbench/api/node/extensionHostProcess.js:108:11242)
    at /opt/visual-studio-code/resources/app/out/vs/workbench/api/node/extensionHostProcess.js:108:9037
    at Array.map (<anonymous>)
    at f.Q (/opt/visual-studio-code/resources/app/out/vs/workbench/api/node/extensionHostProcess.js:108:9024)
    at f.terminate (/opt/visual-studio-code/resources/app/out/vs/workbench/api/node/extensionHostProcess.js:108:9298)
    at h.terminate (/opt/visual-studio-code/resources/app/out/vs/workbench/api/node/extensionHostProcess.js:112:1397)
    at p (/opt/visual-studio-code/resources/app/out/vs/workbench/api/node/extensionHostProcess.js:122:17851)
    at MessagePortMain.<anonymous> (/opt/visual-studio-code/resources/app/out/vs/workbench/api/node/extensionHostProcess.js:122:13990)
    at MessagePortMain.emit (node:events:526:28)
    at Object.MessagePortMain._internalPort.emit (node:electron/js2c/utility_init:5:364) setContext undefined
2023-02-26 09:11:04.879 [error] Canceled: Canceled
    at new u (/opt/visual-studio-code/resources/app/out/vs/workbench/api/node/extensionHostProcess.js:96:88070)
    at l.O (/opt/visual-studio-code/resources/app/out/vs/workbench/api/node/extensionHostProcess.js:106:11276)
    at Proxy.V.<computed>.M.charCodeAt.V.<computed> (/opt/visual-studio-code/resources/app/out/vs/workbench/api/node/extensionHostProcess.js:106:8557)
    at s.g (/opt/visual-studio-code/resources/app/out/vs/workbench/api/node/extensionHostProcess.js:96:107430)
    at s.executeCommand (/opt/visual-studio-code/resources/app/out/vs/workbench/api/node/extensionHostProcess.js:96:106806)
    at w.registerCommand.description (/opt/visual-studio-code/resources/app/out/vs/workbench/api/node/extensionHostProcess.js:96:106099)
    at s.h (/opt/visual-studio-code/resources/app/out/vs/workbench/api/node/extensionHostProcess.js:96:108016)
    at s.g (/opt/visual-studio-code/resources/app/out/vs/workbench/api/node/extensionHostProcess.js:96:106906)
    at s.executeCommand (/opt/visual-studio-code/resources/app/out/vs/workbench/api/node/extensionHostProcess.js:96:106806)
    at Object.executeCommand (/opt/visual-studio-code/resources/app/out/vs/workbench/api/node/extensionHostProcess.js:117:30778)
    at c (/home/angel/.vscode/extensions/eamodio.gitlens-13.3.1/dist/gitlens.js:1:991281)
    at ActionRunners._updateContextKeys (/home/angel/.vscode/extensions/eamodio.gitlens-13.3.1/dist/gitlens.js:1:12768)
    at s (/home/angel/.vscode/extensions/eamodio.gitlens-13.3.1/dist/gitlens.js:1:11187)
    at RegisteredActionRunner.unregister (/home/angel/.vscode/extensions/eamodio.gitlens-13.3.1/dist/gitlens.js:1:11331)
    at RegisteredActionRunner.dispose (/home/angel/.vscode/extensions/eamodio.gitlens-13.3.1/dist/gitlens.js:1:9993)
    at ActionRunners.dispose (/home/angel/.vscode/extensions/eamodio.gitlens-13.3.1/dist/gitlens.js:1:10772)
    at T (/opt/visual-studio-code/resources/app/out/vs/workbench/api/node/extensionHostProcess.js:10:12072)
    at f.X (/opt/visual-studio-code/resources/app/out/vs/workbench/api/node/extensionHostProcess.js:108:11242)
    at /opt/visual-studio-code/resources/app/out/vs/workbench/api/node/extensionHostProcess.js:108:9037
    at Array.map (<anonymous>)
    at f.Q (/opt/visual-studio-code/resources/app/out/vs/workbench/api/node/extensionHostProcess.js:108:9024)
    at f.terminate (/opt/visual-studio-code/resources/app/out/vs/workbench/api/node/extensionHostProcess.js:108:9298)
    at h.terminate (/opt/visual-studio-code/resources/app/out/vs/workbench/api/node/extensionHostProcess.js:112:1397)
    at p (/opt/visual-studio-code/resources/app/out/vs/workbench/api/node/extensionHostProcess.js:122:17851)
    at MessagePortMain.<anonymous> (/opt/visual-studio-code/resources/app/out/vs/workbench/api/node/extensionHostProcess.js:122:13990)
    at MessagePortMain.emit (node:events:526:28)
    at Object.MessagePortMain._internalPort.emit (node:electron/js2c/utility_init:5:364) setContext undefined
2023-02-26 09:11:04.880 [error] Canceled: Canceled
    at new u (/opt/visual-studio-code/resources/app/out/vs/workbench/api/node/extensionHostProcess.js:96:88070)
    at l.O (/opt/visual-studio-code/resources/app/out/vs/workbench/api/node/extensionHostProcess.js:106:11276)
    at Proxy.V.<computed>.M.charCodeAt.V.<computed> (/opt/visual-studio-code/resources/app/out/vs/workbench/api/node/extensionHostProcess.js:106:8557)
    at s.g (/opt/visual-studio-code/resources/app/out/vs/workbench/api/node/extensionHostProcess.js:96:107430)
    at s.executeCommand (/opt/visual-studio-code/resources/app/out/vs/workbench/api/node/extensionHostProcess.js:96:106806)
    at w.registerCommand.description (/opt/visual-studio-code/resources/app/out/vs/workbench/api/node/extensionHostProcess.js:96:106099)
    at s.h (/opt/visual-studio-code/resources/app/out/vs/workbench/api/node/extensionHostProcess.js:96:108016)
    at s.g (/opt/visual-studio-code/resources/app/out/vs/workbench/api/node/extensionHostProcess.js:96:106906)
    at s.executeCommand (/opt/visual-studio-code/resources/app/out/vs/workbench/api/node/extensionHostProcess.js:96:106806)
    at Object.executeCommand (/opt/visual-studio-code/resources/app/out/vs/workbench/api/node/extensionHostProcess.js:117:30778)
    at c (/home/angel/.vscode/extensions/eamodio.gitlens-13.3.1/dist/gitlens.js:1:991281)
    at ActionRunners._updateContextKeys (/home/angel/.vscode/extensions/eamodio.gitlens-13.3.1/dist/gitlens.js:1:12768)
    at s (/home/angel/.vscode/extensions/eamodio.gitlens-13.3.1/dist/gitlens.js:1:11187)
    at RegisteredActionRunner.unregister (/home/angel/.vscode/extensions/eamodio.gitlens-13.3.1/dist/gitlens.js:1:11331)
    at RegisteredActionRunner.dispose (/home/angel/.vscode/extensions/eamodio.gitlens-13.3.1/dist/gitlens.js:1:9993)
    at Object.dispose (/home/angel/.vscode/extensions/eamodio.gitlens-13.3.1/dist/gitlens.js:1:11428)
    at T (/opt/visual-studio-code/resources/app/out/vs/workbench/api/node/extensionHostProcess.js:10:12072)
    at f.X (/opt/visual-studio-code/resources/app/out/vs/workbench/api/node/extensionHostProcess.js:108:11242)
    at /opt/visual-studio-code/resources/app/out/vs/workbench/api/node/extensionHostProcess.js:108:9037
    at Array.map (<anonymous>)
    at f.Q (/opt/visual-studio-code/resources/app/out/vs/workbench/api/node/extensionHostProcess.js:108:9024)
    at f.terminate (/opt/visual-studio-code/resources/app/out/vs/workbench/api/node/extensionHostProcess.js:108:9298)
    at h.terminate (/opt/visual-studio-code/resources/app/out/vs/workbench/api/node/extensionHostProcess.js:112:1397)
    at p (/opt/visual-studio-code/resources/app/out/vs/workbench/api/node/extensionHostProcess.js:122:17851)
    at MessagePortMain.<anonymous> (/opt/visual-studio-code/resources/app/out/vs/workbench/api/node/extensionHostProcess.js:122:13990)
    at MessagePortMain.emit (node:events:526:28)
    at Object.MessagePortMain._internalPort.emit (node:electron/js2c/utility_init:5:364) setContext undefined
2023-02-26 09:11:04.880 [error] Canceled: Canceled
    at new u (/opt/visual-studio-code/resources/app/out/vs/workbench/api/node/extensionHostProcess.js:96:88070)
    at l.O (/opt/visual-studio-code/resources/app/out/vs/workbench/api/node/extensionHostProcess.js:106:11276)
    at Proxy.V.<computed>.M.charCodeAt.V.<computed> (/opt/visual-studio-code/resources/app/out/vs/workbench/api/node/extensionHostProcess.js:106:8557)
    at s.g (/opt/visual-studio-code/resources/app/out/vs/workbench/api/node/extensionHostProcess.js:96:107430)
    at s.executeCommand (/opt/visual-studio-code/resources/app/out/vs/workbench/api/node/extensionHostProcess.js:96:106806)
    at w.registerCommand.description (/opt/visual-studio-code/resources/app/out/vs/workbench/api/node/extensionHostProcess.js:96:106099)
    at s.h (/opt/visual-studio-code/resources/app/out/vs/workbench/api/node/extensionHostProcess.js:96:108016)
    at s.g (/opt/visual-studio-code/resources/app/out/vs/workbench/api/node/extensionHostProcess.js:96:106906)
    at s.executeCommand (/opt/visual-studio-code/resources/app/out/vs/workbench/api/node/extensionHostProcess.js:96:106806)
    at Object.executeCommand (/opt/visual-studio-code/resources/app/out/vs/workbench/api/node/extensionHostProcess.js:117:30778)
    at c (/home/angel/.vscode/extensions/eamodio.gitlens-13.3.1/dist/gitlens.js:1:991281)
    at ActionRunners._updateContextKeys (/home/angel/.vscode/extensions/eamodio.gitlens-13.3.1/dist/gitlens.js:1:12768)
    at s (/home/angel/.vscode/extensions/eamodio.gitlens-13.3.1/dist/gitlens.js:1:11187)
    at RegisteredActionRunner.unregister (/home/angel/.vscode/extensions/eamodio.gitlens-13.3.1/dist/gitlens.js:1:11331)
    at RegisteredActionRunner.dispose (/home/angel/.vscode/extensions/eamodio.gitlens-13.3.1/dist/gitlens.js:1:9993)
    at Object.dispose (/home/angel/.vscode/extensions/eamodio.gitlens-13.3.1/dist/gitlens.js:1:11428)
    at T (/opt/visual-studio-code/resources/app/out/vs/workbench/api/node/extensionHostProcess.js:10:12072)
    at f.X (/opt/visual-studio-code/resources/app/out/vs/workbench/api/node/extensionHostProcess.js:108:11242)
    at /opt/visual-studio-code/resources/app/out/vs/workbench/api/node/extensionHostProcess.js:108:9037
    at Array.map (<anonymous>)
    at f.Q (/opt/visual-studio-code/resources/app/out/vs/workbench/api/node/extensionHostProcess.js:108:9024)
    at f.terminate (/opt/visual-studio-code/resources/app/out/vs/workbench/api/node/extensionHostProcess.js:108:9298)
    at h.terminate (/opt/visual-studio-code/resources/app/out/vs/workbench/api/node/extensionHostProcess.js:112:1397)
    at p (/opt/visual-studio-code/resources/app/out/vs/workbench/api/node/extensionHostProcess.js:122:17851)
    at MessagePortMain.<anonymous> (/opt/visual-studio-code/resources/app/out/vs/workbench/api/node/extensionHostProcess.js:122:13990)
    at MessagePortMain.emit (node:events:526:28)
    at Object.MessagePortMain._internalPort.emit (node:electron/js2c/utility_init:5:364) setContext undefined
2023-02-26 09:11:04.881 [error] Canceled: Canceled
    at new u (/opt/visual-studio-code/resources/app/out/vs/workbench/api/node/extensionHostProcess.js:96:88070)
    at l.O (/opt/visual-studio-code/resources/app/out/vs/workbench/api/node/extensionHostProcess.js:106:11276)
    at Proxy.V.<computed>.M.charCodeAt.V.<computed> (/opt/visual-studio-code/resources/app/out/vs/workbench/api/node/extensionHostProcess.js:106:8557)
    at s.g (/opt/visual-studio-code/resources/app/out/vs/workbench/api/node/extensionHostProcess.js:96:107430)
    at s.executeCommand (/opt/visual-studio-code/resources/app/out/vs/workbench/api/node/extensionHostProcess.js:96:106806)
    at w.registerCommand.description (/opt/visual-studio-code/resources/app/out/vs/workbench/api/node/extensionHostProcess.js:96:106099)
    at s.h (/opt/visual-studio-code/resources/app/out/vs/workbench/api/node/extensionHostProcess.js:96:108016)
    at s.g (/opt/visual-studio-code/resources/app/out/vs/workbench/api/node/extensionHostProcess.js:96:106906)
    at s.executeCommand (/opt/visual-studio-code/resources/app/out/vs/workbench/api/node/extensionHostProcess.js:96:106806)
    at Object.executeCommand (/opt/visual-studio-code/resources/app/out/vs/workbench/api/node/extensionHostProcess.js:117:30778)
    at c (/home/angel/.vscode/extensions/eamodio.gitlens-13.3.1/dist/gitlens.js:1:991281)
    at ActionRunners._updateContextKeys (/home/angel/.vscode/extensions/eamodio.gitlens-13.3.1/dist/gitlens.js:1:12768)
    at s (/home/angel/.vscode/extensions/eamodio.gitlens-13.3.1/dist/gitlens.js:1:11187)
    at RegisteredActionRunner.unregister (/home/angel/.vscode/extensions/eamodio.gitlens-13.3.1/dist/gitlens.js:1:11331)
    at RegisteredActionRunner.dispose (/home/angel/.vscode/extensions/eamodio.gitlens-13.3.1/dist/gitlens.js:1:9993)
    at Object.dispose (/home/angel/.vscode/extensions/eamodio.gitlens-13.3.1/dist/gitlens.js:1:11428)
    at T (/opt/visual-studio-code/resources/app/out/vs/workbench/api/node/extensionHostProcess.js:10:12072)
    at f.X (/opt/visual-studio-code/resources/app/out/vs/workbench/api/node/extensionHostProcess.js:108:11242)
    at /opt/visual-studio-code/resources/app/out/vs/workbench/api/node/extensionHostProcess.js:108:9037
    at Array.map (<anonymous>)
    at f.Q (/opt/visual-studio-code/resources/app/out/vs/workbench/api/node/extensionHostProcess.js:108:9024)
    at f.terminate (/opt/visual-studio-code/resources/app/out/vs/workbench/api/node/extensionHostProcess.js:108:9298)
    at h.terminate (/opt/visual-studio-code/resources/app/out/vs/workbench/api/node/extensionHostProcess.js:112:1397)
    at p (/opt/visual-studio-code/resources/app/out/vs/workbench/api/node/extensionHostProcess.js:122:17851)
    at MessagePortMain.<anonymous> (/opt/visual-studio-code/resources/app/out/vs/workbench/api/node/extensionHostProcess.js:122:13990)
    at MessagePortMain.emit (node:events:526:28)
    at Object.MessagePortMain._internalPort.emit (node:electron/js2c/utility_init:5:364) setContext undefined
2023-02-26 09:11:04.882 [error] Canceled: Canceled
    at new u (/opt/visual-studio-code/resources/app/out/vs/workbench/api/node/extensionHostProcess.js:96:88070)
    at l.O (/opt/visual-studio-code/resources/app/out/vs/workbench/api/node/extensionHostProcess.js:106:11276)
    at Proxy.V.<computed>.M.charCodeAt.V.<computed> (/opt/visual-studio-code/resources/app/out/vs/workbench/api/node/extensionHostProcess.js:106:8557)
    at s.g (/opt/visual-studio-code/resources/app/out/vs/workbench/api/node/extensionHostProcess.js:96:107430)
    at s.executeCommand (/opt/visual-studio-code/resources/app/out/vs/workbench/api/node/extensionHostProcess.js:96:106806)
    at w.registerCommand.description (/opt/visual-studio-code/resources/app/out/vs/workbench/api/node/extensionHostProcess.js:96:106099)
    at s.h (/opt/visual-studio-code/resources/app/out/vs/workbench/api/node/extensionHostProcess.js:96:108016)
    at s.g (/opt/visual-studio-code/resources/app/out/vs/workbench/api/node/extensionHostProcess.js:96:106906)
    at s.executeCommand (/opt/visual-studio-code/resources/app/out/vs/workbench/api/node/extensionHostProcess.js:96:106806)
    at Object.executeCommand (/opt/visual-studio-code/resources/app/out/vs/workbench/api/node/extensionHostProcess.js:117:30778)
    at c (/home/angel/.vscode/extensions/eamodio.gitlens-13.3.1/dist/gitlens.js:1:991281)
    at ActionRunners._updateContextKeys (/home/angel/.vscode/extensions/eamodio.gitlens-13.3.1/dist/gitlens.js:1:12768)
    at s (/home/angel/.vscode/extensions/eamodio.gitlens-13.3.1/dist/gitlens.js:1:11187)
    at RegisteredActionRunner.unregister (/home/angel/.vscode/extensions/eamodio.gitlens-13.3.1/dist/gitlens.js:1:11331)
    at RegisteredActionRunner.dispose (/home/angel/.vscode/extensions/eamodio.gitlens-13.3.1/dist/gitlens.js:1:9993)
    at Object.dispose (/home/angel/.vscode/extensions/eamodio.gitlens-13.3.1/dist/gitlens.js:1:11428)
    at C.<anonymous> (/opt/visual-studio-code/resources/app/out/vs/workbench/api/node/extensionHostProcess.js:94:12431)
    at C.dispose (/opt/visual-studio-code/resources/app/out/vs/workbench/api/node/extensionHostProcess.js:94:12566)
    at Q0.dispose (/home/angel/.vscode/extensions/github.vscode-pull-request-github-0.58.2/dist/extension.js:1526:33303)
    at T (/opt/visual-studio-code/resources/app/out/vs/workbench/api/node/extensionHostProcess.js:10:12072)
    at f.X (/opt/visual-studio-code/resources/app/out/vs/workbench/api/node/extensionHostProcess.js:108:11242)
    at /opt/visual-studio-code/resources/app/out/vs/workbench/api/node/extensionHostProcess.js:108:9037
    at Array.map (<anonymous>)
    at f.Q (/opt/visual-studio-code/resources/app/out/vs/workbench/api/node/extensionHostProcess.js:108:9024)
    at f.terminate (/opt/visual-studio-code/resources/app/out/vs/workbench/api/node/extensionHostProcess.js:108:9298)
    at h.terminate (/opt/visual-studio-code/resources/app/out/vs/workbench/api/node/extensionHostProcess.js:112:1397)
    at p (/opt/visual-studio-code/resources/app/out/vs/workbench/api/node/extensionHostProcess.js:122:17851)
    at MessagePortMain.<anonymous> (/opt/visual-studio-code/resources/app/out/vs/workbench/api/node/extensionHostProcess.js:122:13990)
    at MessagePortMain.emit (node:events:526:28)
    at Object.MessagePortMain._internalPort.emit (node:electron/js2c/utility_init:5:364) setContext undefined
2023-02-26 09:11:04.882 [error] Canceled: Canceled
    at new u (/opt/visual-studio-code/resources/app/out/vs/workbench/api/node/extensionHostProcess.js:96:88070)
    at l.O (/opt/visual-studio-code/resources/app/out/vs/workbench/api/node/extensionHostProcess.js:106:11276)
    at Proxy.V.<computed>.M.charCodeAt.V.<computed> (/opt/visual-studio-code/resources/app/out/vs/workbench/api/node/extensionHostProcess.js:106:8557)
    at s.g (/opt/visual-studio-code/resources/app/out/vs/workbench/api/node/extensionHostProcess.js:96:107430)
    at s.executeCommand (/opt/visual-studio-code/resources/app/out/vs/workbench/api/node/extensionHostProcess.js:96:106806)
    at w.registerCommand.description (/opt/visual-studio-code/resources/app/out/vs/workbench/api/node/extensionHostProcess.js:96:106099)
    at s.h (/opt/visual-studio-code/resources/app/out/vs/workbench/api/node/extensionHostProcess.js:96:108016)
    at s.g (/opt/visual-studio-code/resources/app/out/vs/workbench/api/node/extensionHostProcess.js:96:106906)
    at s.executeCommand (/opt/visual-studio-code/resources/app/out/vs/workbench/api/node/extensionHostProcess.js:96:106806)
    at Object.executeCommand (/opt/visual-studio-code/resources/app/out/vs/workbench/api/node/extensionHostProcess.js:117:30778)
    at Object.dispose (/home/angel/.vscode/extensions/tabnine.tabnine-vscode-3.6.38/out/extension.js:17:99516)
    at /home/angel/.vscode/extensions/tabnine.tabnine-vscode-3.6.38/out/extension.js:17:30255
    at Array.forEach (<anonymous>)
    at d (/home/angel/.vscode/extensions/tabnine.tabnine-vscode-3.6.38/out/extension.js:17:30240)
    at Object.dispose (/home/angel/.vscode/extensions/tabnine.tabnine-vscode-3.6.38/out/extension.js:17:29683)
    at T (/opt/visual-studio-code/resources/app/out/vs/workbench/api/node/extensionHostProcess.js:10:12072)
    at f.X (/opt/visual-studio-code/resources/app/out/vs/workbench/api/node/extensionHostProcess.js:108:11242)
    at /opt/visual-studio-code/resources/app/out/vs/workbench/api/node/extensionHostProcess.js:108:9037
    at Array.map (<anonymous>)
    at f.Q (/opt/visual-studio-code/resources/app/out/vs/workbench/api/node/extensionHostProcess.js:108:9024)
    at f.terminate (/opt/visual-studio-code/resources/app/out/vs/workbench/api/node/extensionHostProcess.js:108:9298)
    at h.terminate (/opt/visual-studio-code/resources/app/out/vs/workbench/api/node/extensionHostProcess.js:112:1397)
    at p (/opt/visual-studio-code/resources/app/out/vs/workbench/api/node/extensionHostProcess.js:122:17851)
    at MessagePortMain.<anonymous> (/opt/visual-studio-code/resources/app/out/vs/workbench/api/node/extensionHostProcess.js:122:13990)
    at MessagePortMain.emit (node:events:526:28)
    at Object.MessagePortMain._internalPort.emit (node:electron/js2c/utility_init:5:364) setContext undefined
2023-02-26 09:11:05.609 [info] Extension host with pid 1355 exiting with code 0
