2023-02-24 08:54:40.220 [info] Log level: Info
2023-02-24 08:54:40.220 [info] Validating found git in: "git"
2023-02-24 08:54:40.220 [info] Using git "2.39.2" from "git"
2023-02-24 08:54:40.220 [info] > git rev-parse --show-toplevel [18ms]
2023-02-24 08:54:40.220 [info] fatal: not a git repository (or any parent up to mount point /)
Stopping at filesystem boundary (GIT_DISCOVERY_ACROSS_FILESYSTEM not set).
2023-02-24 08:54:40.220 [info] > git rev-parse --show-toplevel [63ms]
2023-02-24 08:54:40.220 [info] fatal: not a git repository (or any parent up to mount point /)
Stopping at filesystem boundary (GIT_DISCOVERY_ACROSS_FILESYSTEM not set).
2023-02-24 08:54:40.221 [info] > git rev-parse --show-toplevel [38ms]
2023-02-24 08:54:40.221 [info] fatal: not a git repository (or any parent up to mount point /)
Stopping at filesystem boundary (GIT_DISCOVERY_ACROSS_FILESYSTEM not set).
2023-02-24 08:54:40.312 [info] > git rev-parse --show-toplevel [73ms]
2023-02-24 08:54:40.312 [info] fatal: not a git repository (or any parent up to mount point /)
Stopping at filesystem boundary (GIT_DISCOVERY_ACROSS_FILESYSTEM not set).
2023-02-24 08:54:40.652 [info] > git rev-parse --show-toplevel [334ms]
2023-02-24 08:54:40.653 [info] fatal: not a git repository (or any parent up to mount point /)
Stopping at filesystem boundary (GIT_DISCOVERY_ACROSS_FILESYSTEM not set).
2023-02-24 08:54:40.862 [info] > git rev-parse --show-toplevel [198ms]
2023-02-24 08:54:40.862 [info] fatal: not a git repository (or any parent up to mount point /)
Stopping at filesystem boundary (GIT_DISCOVERY_ACROSS_FILESYSTEM not set).
2023-02-24 08:54:40.916 [info] > git rev-parse --show-toplevel [45ms]
2023-02-24 08:54:40.916 [info] fatal: not a git repository (or any parent up to mount point /)
Stopping at filesystem boundary (GIT_DISCOVERY_ACROSS_FILESYSTEM not set).
2023-02-24 08:54:40.962 [info] > git rev-parse --show-toplevel [36ms]
2023-02-24 08:54:40.962 [info] fatal: not a git repository (or any parent up to mount point /)
Stopping at filesystem boundary (GIT_DISCOVERY_ACROSS_FILESYSTEM not set).
2023-02-24 08:54:40.994 [info] > git rev-parse --show-toplevel [21ms]
2023-02-24 08:54:40.994 [info] fatal: not a git repository (or any parent up to mount point /)
Stopping at filesystem boundary (GIT_DISCOVERY_ACROSS_FILESYSTEM not set).
2023-02-24 08:54:41.074 [info] > git rev-parse --show-toplevel [58ms]
2023-02-24 08:54:41.074 [info] fatal: not a git repository (or any parent up to mount point /)
Stopping at filesystem boundary (GIT_DISCOVERY_ACROSS_FILESYSTEM not set).
2023-02-24 08:54:41.085 [info] > git rev-parse --show-toplevel [3ms]
2023-02-24 08:54:41.085 [info] fatal: not a git repository (or any parent up to mount point /)
Stopping at filesystem boundary (GIT_DISCOVERY_ACROSS_FILESYSTEM not set).
2023-02-24 08:54:41.094 [info] > git rev-parse --show-toplevel [2ms]
2023-02-24 08:54:41.094 [info] fatal: not a git repository (or any parent up to mount point /)
Stopping at filesystem boundary (GIT_DISCOVERY_ACROSS_FILESYSTEM not set).
2023-02-24 08:54:41.105 [info] > git rev-parse --show-toplevel [2ms]
2023-02-24 08:54:41.105 [info] fatal: not a git repository (or any parent up to mount point /)
Stopping at filesystem boundary (GIT_DISCOVERY_ACROSS_FILESYSTEM not set).
2023-02-24 08:54:41.171 [info] > git rev-parse --show-toplevel [53ms]
2023-02-24 08:54:41.171 [info] fatal: not a git repository (or any parent up to mount point /)
Stopping at filesystem boundary (GIT_DISCOVERY_ACROSS_FILESYSTEM not set).
2023-02-24 08:54:41.255 [info] > git rev-parse --show-toplevel [74ms]
2023-02-24 08:54:41.255 [info] fatal: not a git repository (or any parent up to mount point /)
Stopping at filesystem boundary (GIT_DISCOVERY_ACROSS_FILESYSTEM not set).
2023-02-24 08:54:41.279 [info] > git rev-parse --show-toplevel [12ms]
2023-02-24 08:54:41.279 [info] fatal: not a git repository (or any parent up to mount point /)
Stopping at filesystem boundary (GIT_DISCOVERY_ACROSS_FILESYSTEM not set).
2023-02-24 08:54:41.291 [info] > git rev-parse --show-toplevel [2ms]
2023-02-24 08:54:41.291 [info] fatal: not a git repository (or any parent up to mount point /)
Stopping at filesystem boundary (GIT_DISCOVERY_ACROSS_FILESYSTEM not set).
2023-02-24 08:54:41.355 [info] > git rev-parse --show-toplevel [54ms]
2023-02-24 08:54:41.356 [info] fatal: not a git repository (or any parent up to mount point /)
Stopping at filesystem boundary (GIT_DISCOVERY_ACROSS_FILESYSTEM not set).
2023-02-24 08:54:41.379 [info] > git rev-parse --show-toplevel [12ms]
2023-02-24 08:54:41.379 [info] fatal: not a git repository (or any parent up to mount point /)
Stopping at filesystem boundary (GIT_DISCOVERY_ACROSS_FILESYSTEM not set).
2023-02-24 08:54:41.491 [info] > git rev-parse --show-toplevel [102ms]
2023-02-24 08:54:41.491 [info] fatal: not a git repository (or any parent up to mount point /)
Stopping at filesystem boundary (GIT_DISCOVERY_ACROSS_FILESYSTEM not set).
2023-02-24 08:54:41.506 [info] > git rev-parse --show-toplevel [7ms]
2023-02-24 08:54:41.506 [info] fatal: not a git repository (or any parent up to mount point /)
Stopping at filesystem boundary (GIT_DISCOVERY_ACROSS_FILESYSTEM not set).
2023-02-24 08:54:41.518 [info] > git rev-parse --show-toplevel [3ms]
2023-02-24 08:54:41.518 [info] fatal: not a git repository (or any parent up to mount point /)
Stopping at filesystem boundary (GIT_DISCOVERY_ACROSS_FILESYSTEM not set).
2023-02-24 08:54:41.529 [info] > git rev-parse --show-toplevel [2ms]
2023-02-24 08:54:41.529 [info] fatal: not a git repository (or any parent up to mount point /)
Stopping at filesystem boundary (GIT_DISCOVERY_ACROSS_FILESYSTEM not set).
2023-02-24 08:54:41.538 [info] > git rev-parse --show-toplevel [2ms]
2023-02-24 08:54:41.538 [info] fatal: not a git repository (or any parent up to mount point /)
Stopping at filesystem boundary (GIT_DISCOVERY_ACROSS_FILESYSTEM not set).
2023-02-24 08:54:41.547 [info] > git rev-parse --show-toplevel [2ms]
2023-02-24 08:54:41.547 [info] fatal: not a git repository (or any parent up to mount point /)
Stopping at filesystem boundary (GIT_DISCOVERY_ACROSS_FILESYSTEM not set).
2023-02-24 08:54:41.561 [info] > git rev-parse --show-toplevel [6ms]
2023-02-24 08:54:41.561 [info] fatal: not a git repository (or any parent up to mount point /)
Stopping at filesystem boundary (GIT_DISCOVERY_ACROSS_FILESYSTEM not set).
2023-02-24 08:54:41.574 [info] > git rev-parse --show-toplevel [5ms]
2023-02-24 08:54:41.574 [info] fatal: not a git repository (or any parent up to mount point /)
Stopping at filesystem boundary (GIT_DISCOVERY_ACROSS_FILESYSTEM not set).
2023-02-24 08:54:41.602 [info] > git rev-parse --show-toplevel [11ms]
2023-02-24 08:54:41.602 [info] fatal: not a git repository (or any parent up to mount point /)
Stopping at filesystem boundary (GIT_DISCOVERY_ACROSS_FILESYSTEM not set).
2023-02-24 08:54:41.625 [info] > git rev-parse --show-toplevel [10ms]
2023-02-24 08:54:41.625 [info] fatal: not a git repository (or any parent up to mount point /)
Stopping at filesystem boundary (GIT_DISCOVERY_ACROSS_FILESYSTEM not set).
2023-02-24 08:54:41.641 [info] > git rev-parse --show-toplevel [4ms]
2023-02-24 08:54:41.641 [info] fatal: not a git repository (or any parent up to mount point /)
Stopping at filesystem boundary (GIT_DISCOVERY_ACROSS_FILESYSTEM not set).
2023-02-24 08:57:03.908 [info] > git rev-parse --show-toplevel [11ms]
2023-02-24 08:57:03.909 [info] fatal: not a git repository (or any parent up to mount point /)
Stopping at filesystem boundary (GIT_DISCOVERY_ACROSS_FILESYSTEM not set).
2023-02-24 08:57:13.443 [info] > git rev-parse --show-toplevel [6ms]
2023-02-24 08:57:13.444 [info] fatal: not a git repository (or any parent up to mount point /)
Stopping at filesystem boundary (GIT_DISCOVERY_ACROSS_FILESYSTEM not set).
2023-02-24 09:27:38.544 [info] > git rev-parse --show-toplevel [7ms]
2023-02-24 09:27:38.544 [info] fatal: not a git repository (or any parent up to mount point /)
Stopping at filesystem boundary (GIT_DISCOVERY_ACROSS_FILESYSTEM not set).
2023-02-24 09:28:35.620 [info] > git rev-parse --show-toplevel [7ms]
2023-02-24 09:28:35.620 [info] fatal: not a git repository (or any parent up to mount point /)
Stopping at filesystem boundary (GIT_DISCOVERY_ACROSS_FILESYSTEM not set).
