2023-02-26 08:11:18.505 [info] Added views:workbench.panel.markers.view in workbench.panel.markers
2023-02-26 08:11:18.505 [info] Added views:workbench.panel.output in workbench.panel.output
2023-02-26 08:11:18.505 [info] Added views:terminal in terminal
2023-02-26 08:11:18.505 [info] Added views:outline in workbench.view.explorer
2023-02-26 08:11:18.505 [info] Added views:workbench.scm in workbench.view.scm
2023-02-26 08:11:18.505 [info] Added views:workbench.view.search in workbench.view.search
2023-02-26 08:11:18.506 [info] Added views:timeline in workbench.view.explorer
2023-02-26 08:11:18.506 [info] Added views:workbench.explorer.fileView in workbench.view.explorer
2023-02-26 08:11:19.068 [info] Added views:gitlens.views.home,gitlens.views.contributors in workbench.view.extension.gitlens
2023-02-26 08:11:19.070 [info] Added views:gitlens.views.commits,gitlens.views.commitDetails,gitlens.views.fileHistory,gitlens.views.branches,gitlens.views.remotes,gitlens.views.stashes,gitlens.views.tags,gitlens.views.searchAndCompare in workbench.view.scm
2023-02-26 08:11:19.071 [info] Added views:pr:github,issues:github in workbench.view.extension.github-pull-requests
2023-02-26 08:11:19.210 [info] Added views:workbench.debug.welcome in workbench.view.debug
2023-02-26 08:11:19.763 [info] Added views:workbench.panel.repl.view in workbench.panel.repl
2023-02-26 08:11:20.007 [info] Added views:workbench.panel.comments in workbench.panel.comments
2023-02-26 08:11:21.577 [info] Removed views:gitlens.views.searchAndCompare,gitlens.views.tags,gitlens.views.stashes,gitlens.views.remotes,gitlens.views.branches,gitlens.views.fileHistory,gitlens.views.commitDetails,gitlens.views.commits from workbench.view.scm
2023-02-26 08:11:21.578 [info] Removed views:gitlens.views.contributors from workbench.view.extension.gitlens
2023-02-26 08:11:22.129 [info] Added views:tabnine-home in workbench.view.extension.tabnine-access
2023-02-26 08:11:22.129 [info] Added views:tabnine-notifications in workbench.view.extension.tabnine-access
2023-02-26 08:11:22.129 [info] Added views:tabnine-today in workbench.view.extension.tabnine-access
2023-02-26 08:13:28.482 [info] Added views:workbench.view.testing in workbench.view.extension.test
2023-02-26 09:11:04.825 [info] Removed views:workbench.view.testing from workbench.view.extension.test
