2023-02-26 08:11:21.824 [info] Log level: Info
2023-02-26 08:11:21.824 [info] Validating found git in: "git"
2023-02-26 08:11:21.824 [info] Using git "" from "git"
2023-02-26 08:11:21.824 [info] > git rev-parse --show-toplevel [20ms]
2023-02-26 08:11:21.824 [info] fatal: not a git repository (or any parent up to mount point /)
Stopping at filesystem boundary (GIT_DISCOVERY_ACROSS_FILESYSTEM not set).
2023-02-26 08:11:21.824 [info] > git rev-parse --show-toplevel [49ms]
2023-02-26 08:11:21.824 [info] fatal: not a git repository (or any parent up to mount point /)
Stopping at filesystem boundary (GIT_DISCOVERY_ACROSS_FILESYSTEM not set).
2023-02-26 08:11:21.824 [info] > git rev-parse --show-toplevel [20ms]
2023-02-26 08:11:21.824 [info] fatal: not a git repository (or any parent up to mount point /)
Stopping at filesystem boundary (GIT_DISCOVERY_ACROSS_FILESYSTEM not set).
2023-02-26 08:11:21.824 [info] > git rev-parse --show-toplevel [2ms]
2023-02-26 08:11:21.824 [info] fatal: not a git repository (or any parent up to mount point /)
Stopping at filesystem boundary (GIT_DISCOVERY_ACROSS_FILESYSTEM not set).
2023-02-26 08:11:21.824 [info] > git rev-parse --show-toplevel [1ms]
2023-02-26 08:11:21.824 [info] fatal: not a git repository (or any parent up to mount point /)
Stopping at filesystem boundary (GIT_DISCOVERY_ACROSS_FILESYSTEM not set).
2023-02-26 08:11:21.824 [info] > git rev-parse --show-toplevel [2ms]
2023-02-26 08:11:21.824 [info] fatal: not a git repository (or any parent up to mount point /)
Stopping at filesystem boundary (GIT_DISCOVERY_ACROSS_FILESYSTEM not set).
2023-02-26 08:11:21.824 [info] > git rev-parse --show-toplevel [1ms]
2023-02-26 08:11:21.824 [info] fatal: not a git repository (or any parent up to mount point /)
Stopping at filesystem boundary (GIT_DISCOVERY_ACROSS_FILESYSTEM not set).
2023-02-26 08:11:21.824 [info] > git rev-parse --show-toplevel [2ms]
2023-02-26 08:11:21.824 [info] fatal: not a git repository (or any parent up to mount point /)
Stopping at filesystem boundary (GIT_DISCOVERY_ACROSS_FILESYSTEM not set).
2023-02-26 08:11:21.824 [info] > git rev-parse --show-toplevel [2ms]
2023-02-26 08:11:21.824 [info] fatal: not a git repository (or any parent up to mount point /)
Stopping at filesystem boundary (GIT_DISCOVERY_ACROSS_FILESYSTEM not set).
2023-02-26 08:11:21.824 [info] > git rev-parse --show-toplevel [1ms]
2023-02-26 08:11:21.825 [info] fatal: not a git repository (or any parent up to mount point /)
Stopping at filesystem boundary (GIT_DISCOVERY_ACROSS_FILESYSTEM not set).
2023-02-26 08:11:21.825 [info] > git rev-parse --show-toplevel [1ms]
2023-02-26 08:11:21.825 [info] fatal: not a git repository (or any parent up to mount point /)
Stopping at filesystem boundary (GIT_DISCOVERY_ACROSS_FILESYSTEM not set).
2023-02-26 08:11:21.825 [info] > git rev-parse --show-toplevel [1ms]
2023-02-26 08:11:21.825 [info] fatal: not a git repository (or any parent up to mount point /)
Stopping at filesystem boundary (GIT_DISCOVERY_ACROSS_FILESYSTEM not set).
2023-02-26 08:11:21.825 [info] > git rev-parse --show-toplevel [3ms]
2023-02-26 08:11:21.825 [info] fatal: not a git repository (or any parent up to mount point /)
Stopping at filesystem boundary (GIT_DISCOVERY_ACROSS_FILESYSTEM not set).
2023-02-26 08:11:21.825 [info] > git rev-parse --show-toplevel [2ms]
2023-02-26 08:11:21.825 [info] fatal: not a git repository (or any parent up to mount point /)
Stopping at filesystem boundary (GIT_DISCOVERY_ACROSS_FILESYSTEM not set).
2023-02-26 08:11:21.825 [info] > git rev-parse --show-toplevel [2ms]
2023-02-26 08:11:21.825 [info] fatal: not a git repository (or any parent up to mount point /)
Stopping at filesystem boundary (GIT_DISCOVERY_ACROSS_FILESYSTEM not set).
2023-02-26 08:11:21.825 [info] > git rev-parse --show-toplevel [3ms]
2023-02-26 08:11:21.825 [info] fatal: not a git repository (or any parent up to mount point /)
Stopping at filesystem boundary (GIT_DISCOVERY_ACROSS_FILESYSTEM not set).
2023-02-26 08:11:21.825 [info] > git rev-parse --show-toplevel [65ms]
2023-02-26 08:11:21.825 [info] fatal: not a git repository (or any parent up to mount point /)
Stopping at filesystem boundary (GIT_DISCOVERY_ACROSS_FILESYSTEM not set).
2023-02-26 08:11:21.825 [info] > git rev-parse --show-toplevel [22ms]
2023-02-26 08:11:21.825 [info] fatal: not a git repository (or any parent up to mount point /)
Stopping at filesystem boundary (GIT_DISCOVERY_ACROSS_FILESYSTEM not set).
2023-02-26 08:11:21.825 [info] > git rev-parse --show-toplevel [87ms]
2023-02-26 08:11:21.825 [info] fatal: not a git repository (or any parent up to mount point /)
Stopping at filesystem boundary (GIT_DISCOVERY_ACROSS_FILESYSTEM not set).
2023-02-26 08:11:21.825 [info] > git rev-parse --show-toplevel [378ms]
2023-02-26 08:11:21.825 [info] fatal: not a git repository (or any parent up to mount point /)
Stopping at filesystem boundary (GIT_DISCOVERY_ACROSS_FILESYSTEM not set).
2023-02-26 08:11:21.825 [info] > git rev-parse --show-toplevel [216ms]
2023-02-26 08:11:21.825 [info] fatal: not a git repository (or any parent up to mount point /)
Stopping at filesystem boundary (GIT_DISCOVERY_ACROSS_FILESYSTEM not set).
2023-02-26 08:11:21.834 [info] > git rev-parse --show-toplevel [123ms]
2023-02-26 08:11:21.834 [info] fatal: not a git repository (or any parent up to mount point /)
Stopping at filesystem boundary (GIT_DISCOVERY_ACROSS_FILESYSTEM not set).
2023-02-26 08:11:21.905 [info] > git rev-parse --show-toplevel [58ms]
2023-02-26 08:11:21.905 [info] fatal: not a git repository (or any parent up to mount point /)
Stopping at filesystem boundary (GIT_DISCOVERY_ACROSS_FILESYSTEM not set).
2023-02-26 08:11:21.923 [info] > git rev-parse --show-toplevel [2ms]
2023-02-26 08:11:21.923 [info] fatal: not a git repository (or any parent up to mount point /)
Stopping at filesystem boundary (GIT_DISCOVERY_ACROSS_FILESYSTEM not set).
2023-02-26 08:11:21.943 [info] > git rev-parse --show-toplevel [7ms]
2023-02-26 08:11:21.943 [info] fatal: not a git repository (or any parent up to mount point /)
Stopping at filesystem boundary (GIT_DISCOVERY_ACROSS_FILESYSTEM not set).
2023-02-26 08:11:21.954 [info] > git rev-parse --show-toplevel [2ms]
2023-02-26 08:11:21.954 [info] fatal: not a git repository (or any parent up to mount point /)
Stopping at filesystem boundary (GIT_DISCOVERY_ACROSS_FILESYSTEM not set).
2023-02-26 08:11:22.026 [info] > git rev-parse --show-toplevel [64ms]
2023-02-26 08:11:22.026 [info] fatal: not a git repository (or any parent up to mount point /)
Stopping at filesystem boundary (GIT_DISCOVERY_ACROSS_FILESYSTEM not set).
2023-02-26 08:11:22.048 [info] > git rev-parse --show-toplevel [15ms]
2023-02-26 08:11:22.049 [info] fatal: not a git repository (or any parent up to mount point /)
Stopping at filesystem boundary (GIT_DISCOVERY_ACROSS_FILESYSTEM not set).
2023-02-26 08:11:22.066 [info] > git rev-parse --show-toplevel [8ms]
2023-02-26 08:11:22.066 [info] fatal: not a git repository (or any parent up to mount point /)
Stopping at filesystem boundary (GIT_DISCOVERY_ACROSS_FILESYSTEM not set).
2023-02-26 08:11:22.093 [info] > git rev-parse --show-toplevel [19ms]
2023-02-26 08:11:22.093 [info] fatal: not a git repository (or any parent up to mount point /)
Stopping at filesystem boundary (GIT_DISCOVERY_ACROSS_FILESYSTEM not set).
2023-02-26 08:11:22.149 [info] > git rev-parse --show-toplevel [46ms]
2023-02-26 08:11:22.149 [info] fatal: not a git repository (or any parent up to mount point /)
Stopping at filesystem boundary (GIT_DISCOVERY_ACROSS_FILESYSTEM not set).
2023-02-26 08:11:22.206 [info] > git rev-parse --show-toplevel [45ms]
2023-02-26 08:11:22.206 [info] fatal: not a git repository (or any parent up to mount point /)
Stopping at filesystem boundary (GIT_DISCOVERY_ACROSS_FILESYSTEM not set).
2023-02-26 08:11:22.219 [info] > git rev-parse --show-toplevel [4ms]
2023-02-26 08:11:22.219 [info] fatal: not a git repository (or any parent up to mount point /)
Stopping at filesystem boundary (GIT_DISCOVERY_ACROSS_FILESYSTEM not set).
2023-02-26 08:11:22.333 [info] > git rev-parse --show-toplevel [106ms]
2023-02-26 08:11:22.333 [info] fatal: not a git repository (or any parent up to mount point /)
Stopping at filesystem boundary (GIT_DISCOVERY_ACROSS_FILESYSTEM not set).
2023-02-26 08:11:22.351 [info] > git rev-parse --show-toplevel [6ms]
2023-02-26 08:11:22.351 [info] fatal: not a git repository (or any parent up to mount point /)
Stopping at filesystem boundary (GIT_DISCOVERY_ACROSS_FILESYSTEM not set).
2023-02-26 08:11:22.368 [info] > git rev-parse --show-toplevel [6ms]
2023-02-26 08:11:22.368 [info] fatal: not a git repository (or any parent up to mount point /)
Stopping at filesystem boundary (GIT_DISCOVERY_ACROSS_FILESYSTEM not set).
2023-02-26 08:11:22.643 [info] > git rev-parse --show-toplevel [10ms]
2023-02-26 08:11:22.643 [info] fatal: not a git repository (or any parent up to mount point /)
Stopping at filesystem boundary (GIT_DISCOVERY_ACROSS_FILESYSTEM not set).
2023-02-26 08:13:28.158 [info] > git rev-parse --show-toplevel [5ms]
2023-02-26 08:13:28.158 [info] fatal: not a git repository (or any parent up to mount point /)
Stopping at filesystem boundary (GIT_DISCOVERY_ACROSS_FILESYSTEM not set).
2023-02-26 08:13:28.800 [info] > git rev-parse --show-toplevel [6ms]
2023-02-26 08:13:28.800 [info] fatal: not a git repository (or any parent up to mount point /)
Stopping at filesystem boundary (GIT_DISCOVERY_ACROSS_FILESYSTEM not set).
2023-02-26 08:13:29.356 [info] > git rev-parse --show-toplevel [4ms]
2023-02-26 08:13:29.356 [info] fatal: not a git repository (or any parent up to mount point /)
Stopping at filesystem boundary (GIT_DISCOVERY_ACROSS_FILESYSTEM not set).
